{"/Users/lbilde/Documents/work/courseplanner/mocha.conf.js":{"path":"/Users/lbilde/Documents/work/courseplanner/mocha.conf.js","s":{"1":1,"2":1,"3":1,"4":1,"5":1,"6":1,"7":1,"8":1,"9":1},"b":{},"f":{},"fnMap":{},"statementMap":{"1":{"start":{"line":4,"column":0},"end":{"line":4,"column":31}},"2":{"start":{"line":6,"column":0},"end":{"line":6,"column":27}},"3":{"start":{"line":9,"column":0},"end":{"line":9,"column":28}},"4":{"start":{"line":10,"column":0},"end":{"line":10,"column":28}},"5":{"start":{"line":11,"column":0},"end":{"line":11,"column":14}},"6":{"start":{"line":14,"column":0},"end":{"line":14,"column":32}},"7":{"start":{"line":17,"column":0},"end":{"line":17,"column":32}},"8":{"start":{"line":18,"column":0},"end":{"line":18,"column":38}},"9":{"start":{"line":19,"column":0},"end":{"line":19,"column":32}}},"branchMap":{}},"/Users/lbilde/Documents/work/courseplanner/server/api/syllabus/index.js":{"path":"/Users/lbilde/Documents/work/courseplanner/server/api/syllabus/index.js","s":{"1":2,"2":2,"3":2,"4":2,"5":2,"6":2,"7":2,"8":2,"9":2,"10":2,"11":2,"12":2},"b":{},"f":{},"fnMap":{},"statementMap":{"1":{"start":{"line":3,"column":0},"end":{"line":3,"column":33}},"2":{"start":{"line":4,"column":0},"end":{"line":4,"column":50}},"3":{"start":{"line":5,"column":0},"end":{"line":5,"column":46}},"4":{"start":{"line":6,"column":0},"end":{"line":6,"column":46}},"5":{"start":{"line":8,"column":0},"end":{"line":8,"column":30}},"6":{"start":{"line":10,"column":0},"end":{"line":10,"column":58}},"7":{"start":{"line":11,"column":0},"end":{"line":11,"column":60}},"8":{"start":{"line":12,"column":0},"end":{"line":12,"column":60}},"9":{"start":{"line":13,"column":0},"end":{"line":13,"column":61}},"10":{"start":{"line":14,"column":0},"end":{"line":14,"column":63}},"11":{"start":{"line":16,"column":0},"end":{"line":16,"column":69}},"12":{"start":{"line":18,"column":0},"end":{"line":18,"column":24}}},"branchMap":{}},"/Users/lbilde/Documents/work/courseplanner/server/api/syllabus/syllabus.controller.js":{"path":"/Users/lbilde/Documents/work/courseplanner/server/api/syllabus/syllabus.controller.js","s":{"1":1,"2":1,"3":1,"4":1,"5":1,"6":1,"7":1,"8":1,"9":1,"10":1,"11":1,"12":1,"13":0,"14":0,"15":0,"16":1,"17":0,"18":0,"19":0,"20":0,"21":1,"22":0,"23":0,"24":0,"25":0,"26":0,"27":1,"28":0,"29":0,"30":0,"31":0,"32":1,"33":0,"34":0,"35":0,"36":0,"37":1,"38":0,"39":0,"40":0,"41":0,"42":0,"43":0,"44":0,"45":0,"46":0,"47":0,"48":0,"49":0,"50":0,"51":1,"52":0,"53":1,"54":0,"55":1,"56":0,"57":0,"58":0,"59":1,"60":0},"b":{"1":[0,1],"2":[1,1],"3":[0,0],"4":[0,0],"5":[0,0],"6":[0,0],"7":[0,0],"8":[0,0],"9":[0,0],"10":[0,0],"11":[0,0],"12":[0,0],"13":[0,0],"14":[0,0],"15":[0,0]},"f":{"1":1,"2":0,"3":0,"4":0,"5":0,"6":0,"7":0,"8":0,"9":0,"10":0,"11":0,"12":0,"13":0,"14":0,"15":0,"16":0,"17":0,"18":0,"19":0},"fnMap":{"1":{"name":"_interopRequireDefault","line":22,"loc":{"start":{"line":22,"column":0},"end":{"line":22,"column":37}},"skip":true},"2":{"name":"handleError","line":30,"loc":{"start":{"line":30,"column":0},"end":{"line":30,"column":38}}},"3":{"name":"(anonymous_3)","line":32,"loc":{"start":{"line":32,"column":9},"end":{"line":32,"column":24}}},"4":{"name":"responseWithResult","line":37,"loc":{"start":{"line":37,"column":0},"end":{"line":37,"column":45}}},"5":{"name":"(anonymous_5)","line":39,"loc":{"start":{"line":39,"column":9},"end":{"line":39,"column":27}}},"6":{"name":"handleEntityNotFound","line":46,"loc":{"start":{"line":46,"column":0},"end":{"line":46,"column":35}}},"7":{"name":"(anonymous_7)","line":47,"loc":{"start":{"line":47,"column":9},"end":{"line":47,"column":27}}},"8":{"name":"saveUpdates","line":56,"loc":{"start":{"line":56,"column":0},"end":{"line":56,"column":30}}},"9":{"name":"(anonymous_9)","line":57,"loc":{"start":{"line":57,"column":9},"end":{"line":57,"column":27}}},"10":{"name":"(anonymous_10)","line":59,"loc":{"start":{"line":59,"column":38},"end":{"line":59,"column":57}}},"11":{"name":"removeEntity","line":65,"loc":{"start":{"line":65,"column":0},"end":{"line":65,"column":27}}},"12":{"name":"(anonymous_12)","line":66,"loc":{"start":{"line":66,"column":9},"end":{"line":66,"column":27}}},"13":{"name":"(anonymous_13)","line":68,"loc":{"start":{"line":68,"column":39},"end":{"line":68,"column":51}}},"14":{"name":"index","line":77,"loc":{"start":{"line":77,"column":0},"end":{"line":77,"column":25}}},"15":{"name":"(anonymous_15)","line":96,"loc":{"start":{"line":96,"column":24},"end":{"line":96,"column":46}}},"16":{"name":"show","line":117,"loc":{"start":{"line":117,"column":0},"end":{"line":117,"column":24}}},"17":{"name":"create","line":123,"loc":{"start":{"line":123,"column":0},"end":{"line":123,"column":26}}},"18":{"name":"update","line":129,"loc":{"start":{"line":129,"column":0},"end":{"line":129,"column":26}}},"19":{"name":"destroy","line":138,"loc":{"start":{"line":138,"column":0},"end":{"line":138,"column":27}}}},"statementMap":{"1":{"start":{"line":12,"column":0},"end":{"line":14,"column":3}},"2":{"start":{"line":15,"column":0},"end":{"line":15,"column":22}},"3":{"start":{"line":16,"column":0},"end":{"line":16,"column":20}},"4":{"start":{"line":17,"column":0},"end":{"line":17,"column":24}},"5":{"start":{"line":18,"column":0},"end":{"line":18,"column":24}},"6":{"start":{"line":19,"column":0},"end":{"line":19,"column":26}},"7":{"start":{"line":22,"column":0},"end":{"line":22,"column":97},"skip":true},"8":{"start":{"line":22,"column":39},"end":{"line":22,"column":95},"skip":true},"9":{"start":{"line":24,"column":0},"end":{"line":24,"column":32}},"10":{"start":{"line":26,"column":0},"end":{"line":26,"column":47}},"11":{"start":{"line":28,"column":0},"end":{"line":28,"column":43}},"12":{"start":{"line":30,"column":0},"end":{"line":35,"column":1}},"13":{"start":{"line":31,"column":2},"end":{"line":31,"column":33}},"14":{"start":{"line":32,"column":2},"end":{"line":34,"column":4}},"15":{"start":{"line":33,"column":4},"end":{"line":33,"column":37}},"16":{"start":{"line":37,"column":0},"end":{"line":44,"column":1}},"17":{"start":{"line":38,"column":2},"end":{"line":38,"column":33}},"18":{"start":{"line":39,"column":2},"end":{"line":43,"column":4}},"19":{"start":{"line":40,"column":4},"end":{"line":42,"column":5}},"20":{"start":{"line":41,"column":6},"end":{"line":41,"column":42}},"21":{"start":{"line":46,"column":0},"end":{"line":54,"column":1}},"22":{"start":{"line":47,"column":2},"end":{"line":53,"column":4}},"23":{"start":{"line":48,"column":4},"end":{"line":51,"column":5}},"24":{"start":{"line":49,"column":6},"end":{"line":49,"column":28}},"25":{"start":{"line":50,"column":6},"end":{"line":50,"column":18}},"26":{"start":{"line":52,"column":4},"end":{"line":52,"column":18}},"27":{"start":{"line":56,"column":0},"end":{"line":63,"column":1}},"28":{"start":{"line":57,"column":2},"end":{"line":62,"column":4}},"29":{"start":{"line":58,"column":4},"end":{"line":58,"column":62}},"30":{"start":{"line":59,"column":4},"end":{"line":61,"column":7}},"31":{"start":{"line":60,"column":6},"end":{"line":60,"column":21}},"32":{"start":{"line":65,"column":0},"end":{"line":73,"column":1}},"33":{"start":{"line":66,"column":2},"end":{"line":72,"column":4}},"34":{"start":{"line":67,"column":4},"end":{"line":71,"column":5}},"35":{"start":{"line":68,"column":6},"end":{"line":70,"column":9}},"36":{"start":{"line":69,"column":8},"end":{"line":69,"column":30}},"37":{"start":{"line":77,"column":0},"end":{"line":113,"column":1}},"38":{"start":{"line":79,"column":2},"end":{"line":79,"column":17}},"39":{"start":{"line":80,"column":2},"end":{"line":82,"column":3}},"40":{"start":{"line":81,"column":4},"end":{"line":81,"column":59}},"41":{"start":{"line":85,"column":2},"end":{"line":87,"column":3}},"42":{"start":{"line":86,"column":4},"end":{"line":86,"column":25}},"43":{"start":{"line":88,"column":2},"end":{"line":90,"column":3}},"44":{"start":{"line":89,"column":4},"end":{"line":89,"column":23}},"45":{"start":{"line":93,"column":2},"end":{"line":93,"column":54}},"46":{"start":{"line":96,"column":2},"end":{"line":112,"column":5}},"47":{"start":{"line":97,"column":4},"end":{"line":99,"column":5}},"48":{"start":{"line":98,"column":6},"end":{"line":98,"column":17}},"49":{"start":{"line":102,"column":4},"end":{"line":108,"column":6}},"50":{"start":{"line":111,"column":4},"end":{"line":111,"column":95}},"51":{"start":{"line":117,"column":0},"end":{"line":119,"column":1}},"52":{"start":{"line":118,"column":2},"end":{"line":118,"column":168}},"53":{"start":{"line":123,"column":0},"end":{"line":125,"column":1}},"54":{"start":{"line":124,"column":2},"end":{"line":124,"column":95}},"55":{"start":{"line":129,"column":0},"end":{"line":134,"column":1}},"56":{"start":{"line":130,"column":2},"end":{"line":132,"column":3}},"57":{"start":{"line":131,"column":4},"end":{"line":131,"column":24}},"58":{"start":{"line":133,"column":2},"end":{"line":133,"column":157}},"59":{"start":{"line":138,"column":0},"end":{"line":140,"column":1}},"60":{"start":{"line":139,"column":2},"end":{"line":139,"column":123}}},"branchMap":{"1":{"line":22,"type":"cond-expr","locations":[{"start":{"line":22,"column":70},"end":{"line":22,"column":73},"skip":true},{"start":{"line":22,"column":76},"end":{"line":22,"column":94},"skip":true}]},"2":{"line":22,"type":"binary-expr","locations":[{"start":{"line":22,"column":46},"end":{"line":22,"column":49},"skip":true},{"start":{"line":22,"column":53},"end":{"line":22,"column":67},"skip":true}]},"3":{"line":31,"type":"binary-expr","locations":[{"start":{"line":31,"column":15},"end":{"line":31,"column":25}},{"start":{"line":31,"column":29},"end":{"line":31,"column":32}}]},"4":{"line":38,"type":"binary-expr","locations":[{"start":{"line":38,"column":15},"end":{"line":38,"column":25}},{"start":{"line":38,"column":29},"end":{"line":38,"column":32}}]},"5":{"line":40,"type":"if","locations":[{"start":{"line":40,"column":4},"end":{"line":40,"column":4}},{"start":{"line":40,"column":4},"end":{"line":40,"column":4}}]},"6":{"line":48,"type":"if","locations":[{"start":{"line":48,"column":4},"end":{"line":48,"column":4}},{"start":{"line":48,"column":4},"end":{"line":48,"column":4}}]},"7":{"line":67,"type":"if","locations":[{"start":{"line":67,"column":4},"end":{"line":67,"column":4}},{"start":{"line":67,"column":4},"end":{"line":67,"column":4}}]},"8":{"line":80,"type":"if","locations":[{"start":{"line":80,"column":2},"end":{"line":80,"column":2}},{"start":{"line":80,"column":2},"end":{"line":80,"column":2}}]},"9":{"line":80,"type":"binary-expr","locations":[{"start":{"line":80,"column":6},"end":{"line":80,"column":22}},{"start":{"line":80,"column":26},"end":{"line":80,"column":53}}]},"10":{"line":85,"type":"if","locations":[{"start":{"line":85,"column":2},"end":{"line":85,"column":2}},{"start":{"line":85,"column":2},"end":{"line":85,"column":2}}]},"11":{"line":85,"type":"binary-expr","locations":[{"start":{"line":85,"column":6},"end":{"line":85,"column":22}},{"start":{"line":85,"column":26},"end":{"line":85,"column":57}}]},"12":{"line":88,"type":"if","locations":[{"start":{"line":88,"column":2},"end":{"line":88,"column":2}},{"start":{"line":88,"column":2},"end":{"line":88,"column":2}}]},"13":{"line":88,"type":"binary-expr","locations":[{"start":{"line":88,"column":6},"end":{"line":88,"column":21}},{"start":{"line":88,"column":25},"end":{"line":88,"column":55}}]},"14":{"line":97,"type":"if","locations":[{"start":{"line":97,"column":4},"end":{"line":97,"column":4}},{"start":{"line":97,"column":4},"end":{"line":97,"column":4}}]},"15":{"line":130,"type":"if","locations":[{"start":{"line":130,"column":2},"end":{"line":130,"column":2}},{"start":{"line":130,"column":2},"end":{"line":130,"column":2}}]}}},"/Users/lbilde/Documents/work/courseplanner/server/api/syllabus/syllabus.model.js":{"path":"/Users/lbilde/Documents/work/courseplanner/server/api/syllabus/syllabus.model.js","s":{"1":1,"2":1,"3":1,"4":1,"5":1,"6":1},"b":{},"f":{},"fnMap":{},"statementMap":{"1":{"start":{"line":3,"column":0},"end":{"line":5,"column":3}},"2":{"start":{"line":6,"column":0},"end":{"line":8,"column":45}},"3":{"start":{"line":10,"column":0},"end":{"line":31,"column":3}},"4":{"start":{"line":33,"column":0},"end":{"line":33,"column":33}},"5":{"start":{"line":35,"column":0},"end":{"line":35,"column":64}},"6":{"start":{"line":36,"column":0},"end":{"line":36,"column":36}}},"branchMap":{}},"/Users/lbilde/Documents/work/courseplanner/server/auth/auth.service.js":{"path":"/Users/lbilde/Documents/work/courseplanner/server/auth/auth.service.js","s":{"1":1,"2":1,"3":1,"4":1,"5":1,"6":1,"7":6,"8":1,"9":1,"10":1,"11":1,"12":1,"13":1,"14":1,"15":1,"16":1,"17":1,"18":1,"19":1,"20":1,"21":1,"22":18,"23":0,"24":0,"25":0,"26":0,"27":0,"28":0,"29":0,"30":0,"31":0,"32":1,"33":9,"34":0,"35":9,"36":0,"37":0,"38":0,"39":0,"40":0,"41":0,"42":0,"43":0,"44":1,"45":0,"46":1,"47":0,"48":0,"49":0,"50":0,"51":0},"b":{"1":[0,6],"2":[6,6],"3":[0,0],"4":[0,0],"5":[0,0],"6":[0,9],"7":[0,0],"8":[0,0],"9":[0,0],"10":[0,0]},"f":{"1":6,"2":18,"3":0,"4":0,"5":0,"6":0,"7":9,"8":0,"9":0,"10":0,"11":0},"fnMap":{"1":{"name":"_interopRequireDefault","line":12,"loc":{"start":{"line":12,"column":0},"end":{"line":12,"column":37}},"skip":true},"2":{"name":"isAuthenticated","line":47,"loc":{"start":{"line":47,"column":0},"end":{"line":47,"column":27}}},"3":{"name":"(anonymous_3)","line":50,"loc":{"start":{"line":50,"column":7},"end":{"line":50,"column":33}}},"4":{"name":"(anonymous_4)","line":58,"loc":{"start":{"line":58,"column":7},"end":{"line":58,"column":33}}},"5":{"name":"(anonymous_5)","line":59,"loc":{"start":{"line":59,"column":67},"end":{"line":59,"column":83}}},"6":{"name":"(anonymous_6)","line":65,"loc":{"start":{"line":65,"column":16},"end":{"line":65,"column":31}}},"7":{"name":"hasRole","line":75,"loc":{"start":{"line":75,"column":0},"end":{"line":75,"column":31}}},"8":{"name":"meetsRequirements","line":80,"loc":{"start":{"line":80,"column":77},"end":{"line":80,"column":120}}},"9":{"name":"(anonymous_9)","line":83,"loc":{"start":{"line":83,"column":28},"end":{"line":83,"column":48}}},"10":{"name":"signToken","line":102,"loc":{"start":{"line":102,"column":0},"end":{"line":102,"column":29}}},"11":{"name":"setTokenCookie","line":115,"loc":{"start":{"line":115,"column":0},"end":{"line":115,"column":34}}}},"statementMap":{"1":{"start":{"line":3,"column":0},"end":{"line":5,"column":3}},"2":{"start":{"line":6,"column":0},"end":{"line":6,"column":42}},"3":{"start":{"line":7,"column":0},"end":{"line":7,"column":26}},"4":{"start":{"line":8,"column":0},"end":{"line":8,"column":30}},"5":{"start":{"line":9,"column":0},"end":{"line":9,"column":40}},"6":{"start":{"line":12,"column":0},"end":{"line":12,"column":97},"skip":true},"7":{"start":{"line":12,"column":39},"end":{"line":12,"column":95},"skip":true},"8":{"start":{"line":14,"column":0},"end":{"line":14,"column":36}},"9":{"start":{"line":16,"column":0},"end":{"line":16,"column":51}},"10":{"start":{"line":18,"column":0},"end":{"line":18,"column":58}},"11":{"start":{"line":20,"column":0},"end":{"line":20,"column":69}},"12":{"start":{"line":22,"column":0},"end":{"line":22,"column":44}},"13":{"start":{"line":24,"column":0},"end":{"line":24,"column":59}},"14":{"start":{"line":26,"column":0},"end":{"line":26,"column":41}},"15":{"start":{"line":28,"column":0},"end":{"line":28,"column":55}},"16":{"start":{"line":30,"column":0},"end":{"line":30,"column":61}},"17":{"start":{"line":32,"column":0},"end":{"line":32,"column":75}},"18":{"start":{"line":34,"column":0},"end":{"line":34,"column":58}},"19":{"start":{"line":36,"column":0},"end":{"line":36,"column":67}},"20":{"start":{"line":38,"column":0},"end":{"line":40,"column":3}},"21":{"start":{"line":47,"column":0},"end":{"line":69,"column":1}},"22":{"start":{"line":48,"column":2},"end":{"line":68,"column":5}},"23":{"start":{"line":52,"column":4},"end":{"line":54,"column":5}},"24":{"start":{"line":53,"column":6},"end":{"line":53,"column":69}},"25":{"start":{"line":55,"column":4},"end":{"line":55,"column":32}},"26":{"start":{"line":59,"column":4},"end":{"line":67,"column":7}},"27":{"start":{"line":60,"column":6},"end":{"line":62,"column":7}},"28":{"start":{"line":61,"column":8},"end":{"line":61,"column":37}},"29":{"start":{"line":63,"column":6},"end":{"line":63,"column":22}},"30":{"start":{"line":64,"column":6},"end":{"line":64,"column":13}},"31":{"start":{"line":66,"column":6},"end":{"line":66,"column":23}},"32":{"start":{"line":75,"column":0},"end":{"line":96,"column":1}},"33":{"start":{"line":76,"column":2},"end":{"line":78,"column":3}},"34":{"start":{"line":77,"column":4},"end":{"line":77,"column":53}},"35":{"start":{"line":80,"column":2},"end":{"line":95,"column":5}},"36":{"start":{"line":81,"column":4},"end":{"line":81,"column":21}},"37":{"start":{"line":82,"column":4},"end":{"line":88,"column":5}},"38":{"start":{"line":83,"column":6},"end":{"line":87,"column":9}},"39":{"start":{"line":84,"column":8},"end":{"line":86,"column":9}},"40":{"start":{"line":85,"column":10},"end":{"line":85,"column":30}},"41":{"start":{"line":90,"column":4},"end":{"line":94,"column":5}},"42":{"start":{"line":91,"column":6},"end":{"line":91,"column":13}},"43":{"start":{"line":93,"column":6},"end":{"line":93,"column":40}},"44":{"start":{"line":102,"column":0},"end":{"line":109,"column":1}},"45":{"start":{"line":103,"column":2},"end":{"line":108,"column":5}},"46":{"start":{"line":115,"column":0},"end":{"line":122,"column":1}},"47":{"start":{"line":116,"column":2},"end":{"line":118,"column":3}},"48":{"start":{"line":117,"column":4},"end":{"line":117,"column":90}},"49":{"start":{"line":119,"column":2},"end":{"line":119,"column":53}},"50":{"start":{"line":120,"column":2},"end":{"line":120,"column":29}},"51":{"start":{"line":121,"column":2},"end":{"line":121,"column":20}}},"branchMap":{"1":{"line":12,"type":"cond-expr","locations":[{"start":{"line":12,"column":70},"end":{"line":12,"column":73},"skip":true},{"start":{"line":12,"column":76},"end":{"line":12,"column":94},"skip":true}]},"2":{"line":12,"type":"binary-expr","locations":[{"start":{"line":12,"column":46},"end":{"line":12,"column":49},"skip":true},{"start":{"line":12,"column":53},"end":{"line":12,"column":67},"skip":true}]},"3":{"line":52,"type":"if","locations":[{"start":{"line":52,"column":4},"end":{"line":52,"column":4}},{"start":{"line":52,"column":4},"end":{"line":52,"column":4}}]},"4":{"line":52,"type":"binary-expr","locations":[{"start":{"line":52,"column":8},"end":{"line":52,"column":17}},{"start":{"line":52,"column":21},"end":{"line":52,"column":61}}]},"5":{"line":60,"type":"if","locations":[{"start":{"line":60,"column":6},"end":{"line":60,"column":6}},{"start":{"line":60,"column":6},"end":{"line":60,"column":6}}]},"6":{"line":76,"type":"if","locations":[{"start":{"line":76,"column":2},"end":{"line":76,"column":2}},{"start":{"line":76,"column":2},"end":{"line":76,"column":2}}]},"7":{"line":82,"type":"if","locations":[{"start":{"line":82,"column":4},"end":{"line":82,"column":4}},{"start":{"line":82,"column":4},"end":{"line":82,"column":4}}]},"8":{"line":84,"type":"if","locations":[{"start":{"line":84,"column":8},"end":{"line":84,"column":8}},{"start":{"line":84,"column":8},"end":{"line":84,"column":8}}]},"9":{"line":90,"type":"if","locations":[{"start":{"line":90,"column":4},"end":{"line":90,"column":4}},{"start":{"line":90,"column":4},"end":{"line":90,"column":4}}]},"10":{"line":116,"type":"if","locations":[{"start":{"line":116,"column":2},"end":{"line":116,"column":2}},{"start":{"line":116,"column":2},"end":{"line":116,"column":2}}]}}},"/Users/lbilde/Documents/work/courseplanner/server/config/environment/index.js":{"path":"/Users/lbilde/Documents/work/courseplanner/server/config/environment/index.js","s":{"1":1,"2":1,"3":1,"4":0,"5":0,"6":0,"7":1,"8":1},"b":{"1":[0,0],"2":[1,1],"3":[1,1],"4":[1,0]},"f":{"1":0},"fnMap":{"1":{"name":"requiredProcessEnv","line":6,"loc":{"start":{"line":6,"column":0},"end":{"line":6,"column":34}}}},"statementMap":{"1":{"start":{"line":3,"column":0},"end":{"line":3,"column":27}},"2":{"start":{"line":4,"column":0},"end":{"line":4,"column":26}},"3":{"start":{"line":6,"column":0},"end":{"line":11,"column":1}},"4":{"start":{"line":7,"column":2},"end":{"line":9,"column":3}},"5":{"start":{"line":8,"column":4},"end":{"line":8,"column":74}},"6":{"start":{"line":10,"column":2},"end":{"line":10,"column":27}},"7":{"start":{"line":15,"column":0},"end":{"line":43,"column":2}},"8":{"start":{"line":47,"column":0},"end":{"line":47,"column":103}}},"branchMap":{"1":{"line":7,"type":"if","locations":[{"start":{"line":7,"column":2},"end":{"line":7,"column":2}},{"start":{"line":7,"column":2},"end":{"line":7,"column":2}}]},"2":{"line":22,"type":"binary-expr","locations":[{"start":{"line":22,"column":8},"end":{"line":22,"column":24}},{"start":{"line":22,"column":28},"end":{"line":22,"column":32}}]},"3":{"line":25,"type":"binary-expr","locations":[{"start":{"line":25,"column":6},"end":{"line":25,"column":20}},{"start":{"line":25,"column":24},"end":{"line":25,"column":33}}]},"4":{"line":47,"type":"binary-expr","locations":[{"start":{"line":47,"column":51},"end":{"line":47,"column":95}},{"start":{"line":47,"column":99},"end":{"line":47,"column":101}}]}}},"/Users/lbilde/Documents/work/courseplanner/server/config/environment/shared.js":{"path":"/Users/lbilde/Documents/work/courseplanner/server/config/environment/shared.js","s":{"1":1},"b":{},"f":{},"fnMap":{},"statementMap":{"1":{"start":{"line":3,"column":0},"end":{"line":6,"column":2}}},"branchMap":{}},"/Users/lbilde/Documents/work/courseplanner/server/config/environment/test.js":{"path":"/Users/lbilde/Documents/work/courseplanner/server/config/environment/test.js","s":{"1":1},"b":{},"f":{},"fnMap":{},"statementMap":{"1":{"start":{"line":5,"column":0},"end":{"line":20,"column":2}}},"branchMap":{}},"/Users/lbilde/Documents/work/courseplanner/server/api/user/user.model.js":{"path":"/Users/lbilde/Documents/work/courseplanner/server/api/user/user.model.js","s":{"1":1,"2":1,"3":1,"4":1,"5":1,"6":1,"7":1,"8":1,"9":1,"10":0,"11":1,"12":0,"13":1,"14":6,"15":1,"16":6,"17":1,"18":5,"19":5,"20":5,"21":1,"22":0,"23":1,"24":4,"25":0,"26":1,"27":4,"28":1,"29":5,"30":5,"31":1,"32":4,"33":0,"34":4,"35":4,"36":0,"37":4,"38":4,"39":4,"40":0,"41":4,"42":4,"43":1,"44":3,"45":3,"46":3,"47":0,"48":0,"49":0,"50":0,"51":0,"52":0,"53":4,"54":4,"55":4,"56":4,"57":0,"58":0,"59":4,"60":0,"61":4,"62":0,"63":4,"64":4,"65":0,"66":4,"67":7,"68":0,"69":7,"70":7,"71":7,"72":7,"73":3,"74":4,"75":4,"76":0,"77":4,"78":1,"79":1},"b":{"1":[0,1],"2":[1,1],"3":[1,4],"4":[0,1],"5":[4,4],"6":[1,4],"7":[0,4],"8":[0,4],"9":[0,4],"10":[3,0],"11":[0,0],"12":[0,0],"13":[4,0],"14":[0,0],"15":[0,4],"16":[0,4],"17":[0,4],"18":[0,7],"19":[7,7],"20":[3,4],"21":[0,4]},"f":{"1":1,"2":0,"3":0,"4":6,"5":6,"6":5,"7":5,"8":0,"9":4,"10":5,"11":4,"12":4,"13":3,"14":0,"15":4,"16":4,"17":7,"18":4},"fnMap":{"1":{"name":"_interopRequireDefault","line":8,"loc":{"start":{"line":8,"column":0},"end":{"line":8,"column":37}},"skip":true},"2":{"name":"(anonymous_2)","line":38,"loc":{"start":{"line":38,"column":34},"end":{"line":38,"column":46}}},"3":{"name":"(anonymous_3)","line":48,"loc":{"start":{"line":48,"column":32},"end":{"line":48,"column":44}}},"4":{"name":"(anonymous_4)","line":60,"loc":{"start":{"line":60,"column":34},"end":{"line":60,"column":51}}},"5":{"name":"(anonymous_5)","line":65,"loc":{"start":{"line":65,"column":37},"end":{"line":65,"column":57}}},"6":{"name":"(anonymous_6)","line":70,"loc":{"start":{"line":70,"column":34},"end":{"line":70,"column":60}}},"7":{"name":"(anonymous_7)","line":72,"loc":{"start":{"line":72,"column":62},"end":{"line":72,"column":78}}},"8":{"name":"(anonymous_8)","line":80,"loc":{"start":{"line":80,"column":14},"end":{"line":80,"column":29}}},"9":{"name":"validatePresenceOf","line":85,"loc":{"start":{"line":85,"column":25},"end":{"line":85,"column":60}}},"10":{"name":"(anonymous_10)","line":92,"loc":{"start":{"line":92,"column":23},"end":{"line":92,"column":39}}},"11":{"name":"(anonymous_11)","line":107,"loc":{"start":{"line":107,"column":16},"end":{"line":107,"column":41}}},"12":{"name":"(anonymous_12)","line":112,"loc":{"start":{"line":112,"column":42},"end":{"line":112,"column":80}}},"13":{"name":"authenticate","line":134,"loc":{"start":{"line":134,"column":16},"end":{"line":134,"column":58}}},"14":{"name":"(anonymous_14)","line":143,"loc":{"start":{"line":143,"column":35},"end":{"line":143,"column":58}}},"15":{"name":"makeSalt","line":164,"loc":{"start":{"line":164,"column":12},"end":{"line":164,"column":50}}},"16":{"name":"(anonymous_16)","line":182,"loc":{"start":{"line":182,"column":53},"end":{"line":182,"column":74}}},"17":{"name":"encryptPassword","line":199,"loc":{"start":{"line":199,"column":19},"end":{"line":199,"column":64}}},"18":{"name":"(anonymous_18)","line":212,"loc":{"start":{"line":212,"column":91},"end":{"line":212,"column":111}}}},"statementMap":{"1":{"start":{"line":3,"column":0},"end":{"line":5,"column":3}},"2":{"start":{"line":8,"column":0},"end":{"line":8,"column":97},"skip":true},"3":{"start":{"line":8,"column":39},"end":{"line":8,"column":95},"skip":true},"4":{"start":{"line":10,"column":0},"end":{"line":10,"column":32}},"5":{"start":{"line":12,"column":0},"end":{"line":12,"column":47}},"6":{"start":{"line":14,"column":0},"end":{"line":14,"column":36}},"7":{"start":{"line":16,"column":0},"end":{"line":16,"column":69}},"8":{"start":{"line":18,"column":0},"end":{"line":31,"column":3}},"9":{"start":{"line":38,"column":0},"end":{"line":45,"column":3}},"10":{"start":{"line":39,"column":2},"end":{"line":44,"column":4}},"11":{"start":{"line":48,"column":0},"end":{"line":53,"column":3}},"12":{"start":{"line":49,"column":2},"end":{"line":52,"column":4}},"13":{"start":{"line":60,"column":0},"end":{"line":62,"column":28}},"14":{"start":{"line":61,"column":2},"end":{"line":61,"column":22}},"15":{"start":{"line":65,"column":0},"end":{"line":67,"column":31}},"16":{"start":{"line":66,"column":2},"end":{"line":66,"column":25}},"17":{"start":{"line":70,"column":0},"end":{"line":83,"column":53}},"18":{"start":{"line":71,"column":2},"end":{"line":71,"column":18}},"19":{"start":{"line":72,"column":2},"end":{"line":82,"column":5}},"20":{"start":{"line":73,"column":4},"end":{"line":78,"column":5}},"21":{"start":{"line":74,"column":6},"end":{"line":76,"column":7}},"22":{"start":{"line":75,"column":8},"end":{"line":75,"column":29}},"23":{"start":{"line":77,"column":6},"end":{"line":77,"column":28}},"24":{"start":{"line":79,"column":4},"end":{"line":79,"column":25}},"25":{"start":{"line":81,"column":4},"end":{"line":81,"column":14}},"26":{"start":{"line":85,"column":0},"end":{"line":87,"column":2}},"27":{"start":{"line":86,"column":2},"end":{"line":86,"column":31}},"28":{"start":{"line":92,"column":0},"end":{"line":120,"column":3}},"29":{"start":{"line":95,"column":2},"end":{"line":95,"column":19},"skip":true},"30":{"start":{"line":98,"column":2},"end":{"line":100,"column":3}},"31":{"start":{"line":99,"column":4},"end":{"line":99,"column":18}},"32":{"start":{"line":102,"column":2},"end":{"line":104,"column":3}},"33":{"start":{"line":103,"column":4},"end":{"line":103,"column":40}},"34":{"start":{"line":107,"column":2},"end":{"line":119,"column":5}},"35":{"start":{"line":108,"column":4},"end":{"line":110,"column":5}},"36":{"start":{"line":109,"column":6},"end":{"line":109,"column":20}},"37":{"start":{"line":111,"column":4},"end":{"line":111,"column":22}},"38":{"start":{"line":112,"column":4},"end":{"line":118,"column":7}},"39":{"start":{"line":113,"column":6},"end":{"line":115,"column":7}},"40":{"start":{"line":114,"column":8},"end":{"line":114,"column":25}},"41":{"start":{"line":116,"column":6},"end":{"line":116,"column":38}},"42":{"start":{"line":117,"column":6},"end":{"line":117,"column":13}},"43":{"start":{"line":125,"column":0},"end":{"line":220,"column":2}},"44":{"start":{"line":137,"column":4},"end":{"line":137,"column":22},"skip":true},"45":{"start":{"line":139,"column":4},"end":{"line":141,"column":5}},"46":{"start":{"line":140,"column":6},"end":{"line":140,"column":62}},"47":{"start":{"line":143,"column":4},"end":{"line":153,"column":7}},"48":{"start":{"line":144,"column":6},"end":{"line":146,"column":7}},"49":{"start":{"line":145,"column":8},"end":{"line":145,"column":29}},"50":{"start":{"line":148,"column":6},"end":{"line":152,"column":7}},"51":{"start":{"line":149,"column":8},"end":{"line":149,"column":29}},"52":{"start":{"line":151,"column":8},"end":{"line":151,"column":30}},"53":{"start":{"line":165,"column":4},"end":{"line":165,"column":29}},"54":{"start":{"line":167,"column":4},"end":{"line":172,"column":5}},"55":{"start":{"line":168,"column":6},"end":{"line":168,"column":30}},"56":{"start":{"line":169,"column":6},"end":{"line":169,"column":33}},"57":{"start":{"line":170,"column":11},"end":{"line":172,"column":5}},"58":{"start":{"line":171,"column":6},"end":{"line":171,"column":30}},"59":{"start":{"line":174,"column":4},"end":{"line":176,"column":5}},"60":{"start":{"line":175,"column":6},"end":{"line":175,"column":33}},"61":{"start":{"line":178,"column":4},"end":{"line":180,"column":5}},"62":{"start":{"line":179,"column":6},"end":{"line":179,"column":74}},"63":{"start":{"line":182,"column":4},"end":{"line":188,"column":7}},"64":{"start":{"line":183,"column":6},"end":{"line":187,"column":7}},"65":{"start":{"line":184,"column":8},"end":{"line":184,"column":22}},"66":{"start":{"line":186,"column":8},"end":{"line":186,"column":48}},"67":{"start":{"line":200,"column":4},"end":{"line":202,"column":5}},"68":{"start":{"line":201,"column":6},"end":{"line":201,"column":18}},"69":{"start":{"line":204,"column":4},"end":{"line":204,"column":34}},"70":{"start":{"line":205,"column":4},"end":{"line":205,"column":30}},"71":{"start":{"line":206,"column":4},"end":{"line":206,"column":47}},"72":{"start":{"line":208,"column":4},"end":{"line":210,"column":5}},"73":{"start":{"line":209,"column":6},"end":{"line":209,"column":116}},"74":{"start":{"line":212,"column":4},"end":{"line":218,"column":7}},"75":{"start":{"line":213,"column":6},"end":{"line":217,"column":7}},"76":{"start":{"line":214,"column":8},"end":{"line":214,"column":22}},"77":{"start":{"line":216,"column":8},"end":{"line":216,"column":47}},"78":{"start":{"line":222,"column":0},"end":{"line":222,"column":56}},"79":{"start":{"line":223,"column":0},"end":{"line":223,"column":36}}},"branchMap":{"1":{"line":8,"type":"cond-expr","locations":[{"start":{"line":8,"column":70},"end":{"line":8,"column":73},"skip":true},{"start":{"line":8,"column":76},"end":{"line":8,"column":94},"skip":true}]},"2":{"line":8,"type":"binary-expr","locations":[{"start":{"line":8,"column":46},"end":{"line":8,"column":49},"skip":true},{"start":{"line":8,"column":53},"end":{"line":8,"column":67},"skip":true}]},"3":{"line":73,"type":"if","locations":[{"start":{"line":73,"column":4},"end":{"line":73,"column":4}},{"start":{"line":73,"column":4},"end":{"line":73,"column":4}}]},"4":{"line":74,"type":"if","locations":[{"start":{"line":74,"column":6},"end":{"line":74,"column":6}},{"start":{"line":74,"column":6},"end":{"line":74,"column":6}}]},"5":{"line":86,"type":"binary-expr","locations":[{"start":{"line":86,"column":9},"end":{"line":86,"column":14}},{"start":{"line":86,"column":18},"end":{"line":86,"column":30}}]},"6":{"line":98,"type":"if","locations":[{"start":{"line":98,"column":2},"end":{"line":98,"column":2}},{"start":{"line":98,"column":2},"end":{"line":98,"column":2}}]},"7":{"line":102,"type":"if","locations":[{"start":{"line":102,"column":2},"end":{"line":102,"column":2}},{"start":{"line":102,"column":2},"end":{"line":102,"column":2}}]},"8":{"line":108,"type":"if","locations":[{"start":{"line":108,"column":4},"end":{"line":108,"column":4}},{"start":{"line":108,"column":4},"end":{"line":108,"column":4}}]},"9":{"line":113,"type":"if","locations":[{"start":{"line":113,"column":6},"end":{"line":113,"column":6}},{"start":{"line":113,"column":6},"end":{"line":113,"column":6}}]},"10":{"line":139,"type":"if","locations":[{"start":{"line":139,"column":4},"end":{"line":139,"column":4}},{"start":{"line":139,"column":4},"end":{"line":139,"column":4}}]},"11":{"line":144,"type":"if","locations":[{"start":{"line":144,"column":6},"end":{"line":144,"column":6}},{"start":{"line":144,"column":6},"end":{"line":144,"column":6}}]},"12":{"line":148,"type":"if","locations":[{"start":{"line":148,"column":6},"end":{"line":148,"column":6}},{"start":{"line":148,"column":6},"end":{"line":148,"column":6}}]},"13":{"line":167,"type":"if","locations":[{"start":{"line":167,"column":4},"end":{"line":167,"column":4}},{"start":{"line":167,"column":4},"end":{"line":167,"column":4}}]},"14":{"line":170,"type":"if","locations":[{"start":{"line":170,"column":11},"end":{"line":170,"column":11}},{"start":{"line":170,"column":11},"end":{"line":170,"column":11}}]},"15":{"line":174,"type":"if","locations":[{"start":{"line":174,"column":4},"end":{"line":174,"column":4}},{"start":{"line":174,"column":4},"end":{"line":174,"column":4}}]},"16":{"line":178,"type":"if","locations":[{"start":{"line":178,"column":4},"end":{"line":178,"column":4}},{"start":{"line":178,"column":4},"end":{"line":178,"column":4}}]},"17":{"line":183,"type":"if","locations":[{"start":{"line":183,"column":6},"end":{"line":183,"column":6}},{"start":{"line":183,"column":6},"end":{"line":183,"column":6}}]},"18":{"line":200,"type":"if","locations":[{"start":{"line":200,"column":4},"end":{"line":200,"column":4}},{"start":{"line":200,"column":4},"end":{"line":200,"column":4}}]},"19":{"line":200,"type":"binary-expr","locations":[{"start":{"line":200,"column":8},"end":{"line":200,"column":17}},{"start":{"line":200,"column":21},"end":{"line":200,"column":31}}]},"20":{"line":208,"type":"if","locations":[{"start":{"line":208,"column":4},"end":{"line":208,"column":4}},{"start":{"line":208,"column":4},"end":{"line":208,"column":4}}]},"21":{"line":213,"type":"if","locations":[{"start":{"line":213,"column":6},"end":{"line":213,"column":6}},{"start":{"line":213,"column":6},"end":{"line":213,"column":6}}]}}},"/Users/lbilde/Documents/work/courseplanner/server/api/syllabus/syllabus.auth.js":{"path":"/Users/lbilde/Documents/work/courseplanner/server/api/syllabus/syllabus.auth.js","s":{"1":1,"2":1,"3":1,"4":1,"5":1,"6":1,"7":2,"8":0,"9":0,"10":0,"11":0},"b":{"1":[0,0],"2":[0,0,0]},"f":{"1":2,"2":0,"3":0},"fnMap":{"1":{"name":"isOwner","line":16,"loc":{"start":{"line":16,"column":0},"end":{"line":16,"column":19}}},"2":{"name":"meetsRequirements","line":17,"loc":{"start":{"line":17,"column":50},"end":{"line":17,"column":93}}},"3":{"name":"(anonymous_3)","line":18,"loc":{"start":{"line":18,"column":54},"end":{"line":18,"column":74}}}},"statementMap":{"1":{"start":{"line":4,"column":0},"end":{"line":6,"column":3}},"2":{"start":{"line":7,"column":0},"end":{"line":7,"column":26}},"3":{"start":{"line":8,"column":0},"end":{"line":8,"column":46}},"4":{"start":{"line":9,"column":0},"end":{"line":9,"column":43}},"5":{"start":{"line":10,"column":0},"end":{"line":10,"column":47}},"6":{"start":{"line":16,"column":0},"end":{"line":26,"column":1}},"7":{"start":{"line":17,"column":2},"end":{"line":25,"column":5}},"8":{"start":{"line":18,"column":4},"end":{"line":24,"column":7}},"9":{"start":{"line":19,"column":6},"end":{"line":23,"column":7}},"10":{"start":{"line":20,"column":8},"end":{"line":20,"column":15}},"11":{"start":{"line":22,"column":8},"end":{"line":22,"column":42}}},"branchMap":{"1":{"line":19,"type":"if","locations":[{"start":{"line":19,"column":6},"end":{"line":19,"column":6}},{"start":{"line":19,"column":6},"end":{"line":19,"column":6}}]},"2":{"line":19,"type":"binary-expr","locations":[{"start":{"line":19,"column":10},"end":{"line":19,"column":18}},{"start":{"line":19,"column":22},"end":{"line":19,"column":34}},{"start":{"line":19,"column":38},"end":{"line":19,"column":73}}]}}},"/Users/lbilde/Documents/work/courseplanner/server/api/user/index.js":{"path":"/Users/lbilde/Documents/work/courseplanner/server/api/user/index.js","s":{"1":2,"2":1,"3":4,"4":4,"5":0,"6":0,"7":0,"8":0,"9":0,"10":0,"11":0,"12":2,"13":2,"14":2,"15":2,"16":2,"17":2,"18":2,"19":2,"20":2,"21":2,"22":2,"23":2,"24":2,"25":2,"26":2},"b":{"1":[4,0],"2":[4,4],"3":[0,0],"4":[0,0]},"f":{"1":4},"fnMap":{"1":{"name":"_interopRequireWildcard","line":8,"loc":{"start":{"line":8,"column":0},"end":{"line":8,"column":38}},"skip":true}},"statementMap":{"1":{"start":{"line":3,"column":0},"end":{"line":5,"column":3}},"2":{"start":{"line":8,"column":0},"end":{"line":8,"column":272},"skip":true},"3":{"start":{"line":8,"column":40},"end":{"line":8,"column":270},"skip":true},"4":{"start":{"line":8,"column":69},"end":{"line":8,"column":80},"skip":true},"5":{"start":{"line":8,"column":90},"end":{"line":8,"column":106},"skip":true},"6":{"start":{"line":8,"column":107},"end":{"line":8,"column":228},"skip":true},"7":{"start":{"line":8,"column":126},"end":{"line":8,"column":226},"skip":true},"8":{"start":{"line":8,"column":149},"end":{"line":8,"column":224},"skip":true},"9":{"start":{"line":8,"column":201},"end":{"line":8,"column":224},"skip":true},"10":{"start":{"line":8,"column":229},"end":{"line":8,"column":253},"skip":true},"11":{"start":{"line":8,"column":254},"end":{"line":8,"column":268},"skip":true},"12":{"start":{"line":10,"column":0},"end":{"line":10,"column":34}},"13":{"start":{"line":12,"column":0},"end":{"line":12,"column":51}},"14":{"start":{"line":14,"column":0},"end":{"line":14,"column":58}},"15":{"start":{"line":16,"column":0},"end":{"line":16,"column":58}},"16":{"start":{"line":18,"column":0},"end":{"line":18,"column":53}},"17":{"start":{"line":20,"column":0},"end":{"line":20,"column":35}},"18":{"start":{"line":22,"column":0},"end":{"line":22,"column":57}},"19":{"start":{"line":23,"column":0},"end":{"line":23,"column":68}},"20":{"start":{"line":24,"column":0},"end":{"line":24,"column":57}},"21":{"start":{"line":25,"column":0},"end":{"line":25,"column":79}},"22":{"start":{"line":26,"column":0},"end":{"line":26,"column":60}},"23":{"start":{"line":27,"column":0},"end":{"line":27,"column":36}},"24":{"start":{"line":29,"column":0},"end":{"line":29,"column":61}},"25":{"start":{"line":31,"column":0},"end":{"line":31,"column":28}},"26":{"start":{"line":32,"column":0},"end":{"line":32,"column":36}}},"branchMap":{"1":{"line":8,"type":"if","locations":[{"start":{"line":8,"column":40},"end":{"line":8,"column":40},"skip":true},{"start":{"line":8,"column":40},"end":{"line":8,"column":40},"skip":true}]},"2":{"line":8,"type":"binary-expr","locations":[{"start":{"line":8,"column":44},"end":{"line":8,"column":47},"skip":true},{"start":{"line":8,"column":51},"end":{"line":8,"column":65},"skip":true}]},"3":{"line":8,"type":"if","locations":[{"start":{"line":8,"column":107},"end":{"line":8,"column":107},"skip":true},{"start":{"line":8,"column":107},"end":{"line":8,"column":107},"skip":true}]},"4":{"line":8,"type":"if","locations":[{"start":{"line":8,"column":149},"end":{"line":8,"column":149},"skip":true},{"start":{"line":8,"column":149},"end":{"line":8,"column":149},"skip":true}]}}},"/Users/lbilde/Documents/work/courseplanner/server/api/user/user.controller.js":{"path":"/Users/lbilde/Documents/work/courseplanner/server/api/user/user.controller.js","s":{"1":1,"2":1,"3":1,"4":1,"5":1,"6":1,"7":1,"8":1,"9":1,"10":1,"11":5,"12":1,"13":1,"14":1,"15":1,"16":1,"17":1,"18":1,"19":1,"20":1,"21":1,"22":1,"23":0,"24":0,"25":0,"26":1,"27":0,"28":0,"29":0,"30":0,"31":1,"32":0,"33":0,"34":0,"35":0,"36":0,"37":1,"38":0,"39":0,"40":0,"41":1,"42":0,"43":0,"44":0,"45":1,"46":0,"47":0,"48":1,"49":0,"50":0,"51":0,"52":1,"53":0,"54":0,"55":0,"56":0,"57":0,"58":0,"59":1,"60":0,"61":0,"62":0,"63":0,"64":0,"65":0,"66":1,"67":0,"68":0,"69":1,"70":0,"71":0,"72":0,"73":0,"74":0,"75":0,"76":0,"77":0,"78":0,"79":1,"80":0,"81":0,"82":0,"83":0,"84":0,"85":0,"86":1,"87":0},"b":{"1":[0,5],"2":[5,5],"3":[0,0],"4":[0,0],"5":[0,0],"6":[0,0],"7":[0,0],"8":[0,0],"9":[0,0],"10":[0,0]},"f":{"1":5,"2":0,"3":0,"4":0,"5":0,"6":0,"7":0,"8":0,"9":0,"10":0,"11":0,"12":0,"13":0,"14":0,"15":0,"16":0,"17":0,"18":0,"19":0,"20":0,"21":0,"22":0,"23":0,"24":0,"25":0,"26":0,"27":0,"28":0,"29":0},"fnMap":{"1":{"name":"_interopRequireDefault","line":16,"loc":{"start":{"line":16,"column":0},"end":{"line":16,"column":37}},"skip":true},"2":{"name":"validationError","line":38,"loc":{"start":{"line":38,"column":0},"end":{"line":38,"column":42}}},"3":{"name":"(anonymous_3)","line":40,"loc":{"start":{"line":40,"column":9},"end":{"line":40,"column":24}}},"4":{"name":"saveUpdates","line":45,"loc":{"start":{"line":45,"column":0},"end":{"line":45,"column":30}}},"5":{"name":"(anonymous_5)","line":46,"loc":{"start":{"line":46,"column":9},"end":{"line":46,"column":27}}},"6":{"name":"(anonymous_6)","line":48,"loc":{"start":{"line":48,"column":38},"end":{"line":48,"column":57}}},"7":{"name":"handleEntityNotFound","line":54,"loc":{"start":{"line":54,"column":0},"end":{"line":54,"column":35}}},"8":{"name":"(anonymous_8)","line":55,"loc":{"start":{"line":55,"column":9},"end":{"line":55,"column":27}}},"9":{"name":"handleError","line":64,"loc":{"start":{"line":64,"column":0},"end":{"line":64,"column":38}}},"10":{"name":"(anonymous_10)","line":66,"loc":{"start":{"line":66,"column":9},"end":{"line":66,"column":24}}},"11":{"name":"respondWith","line":71,"loc":{"start":{"line":71,"column":0},"end":{"line":71,"column":38}}},"12":{"name":"(anonymous_12)","line":73,"loc":{"start":{"line":73,"column":9},"end":{"line":73,"column":21}}},"13":{"name":"index","line":83,"loc":{"start":{"line":83,"column":0},"end":{"line":83,"column":25}}},"14":{"name":"(anonymous_14)","line":84,"loc":{"start":{"line":84,"column":63},"end":{"line":84,"column":80}}},"15":{"name":"update","line":91,"loc":{"start":{"line":91,"column":0},"end":{"line":91,"column":26}}},"16":{"name":"create","line":102,"loc":{"start":{"line":102,"column":0},"end":{"line":102,"column":32}}},"17":{"name":"(anonymous_17)","line":106,"loc":{"start":{"line":106,"column":29},"end":{"line":106,"column":45}}},"18":{"name":"show","line":118,"loc":{"start":{"line":118,"column":0},"end":{"line":118,"column":30}}},"19":{"name":"(anonymous_19)","line":121,"loc":{"start":{"line":121,"column":52},"end":{"line":121,"column":68}}},"20":{"name":"(anonymous_20)","line":126,"loc":{"start":{"line":126,"column":14},"end":{"line":126,"column":29}}},"21":{"name":"destroy","line":136,"loc":{"start":{"line":136,"column":0},"end":{"line":136,"column":27}}},"22":{"name":"(anonymous_22)","line":137,"loc":{"start":{"line":137,"column":68},"end":{"line":137,"column":80}}},"23":{"name":"changePassword","line":146,"loc":{"start":{"line":146,"column":0},"end":{"line":146,"column":40}}},"24":{"name":"(anonymous_24)","line":151,"loc":{"start":{"line":151,"column":52},"end":{"line":151,"column":68}}},"25":{"name":"(anonymous_25)","line":154,"loc":{"start":{"line":154,"column":35},"end":{"line":154,"column":47}}},"26":{"name":"me","line":167,"loc":{"start":{"line":167,"column":0},"end":{"line":167,"column":28}}},"27":{"name":"(anonymous_27)","line":170,"loc":{"start":{"line":170,"column":79},"end":{"line":170,"column":95}}},"28":{"name":"(anonymous_28)","line":176,"loc":{"start":{"line":176,"column":14},"end":{"line":176,"column":29}}},"29":{"name":"authCallback","line":185,"loc":{"start":{"line":185,"column":0},"end":{"line":185,"column":38}}}},"statementMap":{"1":{"start":{"line":3,"column":0},"end":{"line":5,"column":3}},"2":{"start":{"line":6,"column":0},"end":{"line":6,"column":22}},"3":{"start":{"line":7,"column":0},"end":{"line":7,"column":24}},"4":{"start":{"line":8,"column":0},"end":{"line":8,"column":24}},"5":{"start":{"line":9,"column":0},"end":{"line":9,"column":20}},"6":{"start":{"line":10,"column":0},"end":{"line":10,"column":26}},"7":{"start":{"line":11,"column":0},"end":{"line":11,"column":40}},"8":{"start":{"line":12,"column":0},"end":{"line":12,"column":16}},"9":{"start":{"line":13,"column":0},"end":{"line":13,"column":36}},"10":{"start":{"line":16,"column":0},"end":{"line":16,"column":97},"skip":true},"11":{"start":{"line":16,"column":39},"end":{"line":16,"column":95},"skip":true},"12":{"start":{"line":18,"column":0},"end":{"line":18,"column":32}},"13":{"start":{"line":20,"column":0},"end":{"line":20,"column":47}},"14":{"start":{"line":22,"column":0},"end":{"line":22,"column":41}},"15":{"start":{"line":24,"column":0},"end":{"line":24,"column":53}},"16":{"start":{"line":26,"column":0},"end":{"line":26,"column":36}},"17":{"start":{"line":28,"column":0},"end":{"line":28,"column":51}},"18":{"start":{"line":30,"column":0},"end":{"line":30,"column":61}},"19":{"start":{"line":32,"column":0},"end":{"line":32,"column":69}},"20":{"start":{"line":34,"column":0},"end":{"line":34,"column":44}},"21":{"start":{"line":36,"column":0},"end":{"line":36,"column":59}},"22":{"start":{"line":38,"column":0},"end":{"line":43,"column":1}},"23":{"start":{"line":39,"column":2},"end":{"line":39,"column":33}},"24":{"start":{"line":40,"column":2},"end":{"line":42,"column":4}},"25":{"start":{"line":41,"column":4},"end":{"line":41,"column":37}},"26":{"start":{"line":45,"column":0},"end":{"line":52,"column":1}},"27":{"start":{"line":46,"column":2},"end":{"line":51,"column":4}},"28":{"start":{"line":47,"column":4},"end":{"line":47,"column":62}},"29":{"start":{"line":48,"column":4},"end":{"line":50,"column":7}},"30":{"start":{"line":49,"column":6},"end":{"line":49,"column":21}},"31":{"start":{"line":54,"column":0},"end":{"line":62,"column":1}},"32":{"start":{"line":55,"column":2},"end":{"line":61,"column":4}},"33":{"start":{"line":56,"column":4},"end":{"line":59,"column":5}},"34":{"start":{"line":57,"column":6},"end":{"line":57,"column":28}},"35":{"start":{"line":58,"column":6},"end":{"line":58,"column":18}},"36":{"start":{"line":60,"column":4},"end":{"line":60,"column":18}},"37":{"start":{"line":64,"column":0},"end":{"line":69,"column":1}},"38":{"start":{"line":65,"column":2},"end":{"line":65,"column":33}},"39":{"start":{"line":66,"column":2},"end":{"line":68,"column":4}},"40":{"start":{"line":67,"column":4},"end":{"line":67,"column":37}},"41":{"start":{"line":71,"column":0},"end":{"line":76,"column":1}},"42":{"start":{"line":72,"column":2},"end":{"line":72,"column":33}},"43":{"start":{"line":73,"column":2},"end":{"line":75,"column":4}},"44":{"start":{"line":74,"column":4},"end":{"line":74,"column":33}},"45":{"start":{"line":83,"column":0},"end":{"line":87,"column":1}},"46":{"start":{"line":84,"column":2},"end":{"line":86,"column":32}},"47":{"start":{"line":85,"column":4},"end":{"line":85,"column":32}},"48":{"start":{"line":91,"column":0},"end":{"line":96,"column":1}},"49":{"start":{"line":92,"column":2},"end":{"line":94,"column":3}},"50":{"start":{"line":93,"column":4},"end":{"line":93,"column":24}},"51":{"start":{"line":95,"column":2},"end":{"line":95,"column":164}},"52":{"start":{"line":102,"column":0},"end":{"line":112,"column":1}},"53":{"start":{"line":103,"column":2},"end":{"line":103,"column":53}},"54":{"start":{"line":104,"column":2},"end":{"line":104,"column":29}},"55":{"start":{"line":105,"column":2},"end":{"line":105,"column":24}},"56":{"start":{"line":106,"column":2},"end":{"line":111,"column":36}},"57":{"start":{"line":107,"column":4},"end":{"line":109,"column":7}},"58":{"start":{"line":110,"column":4},"end":{"line":110,"column":31}},"59":{"start":{"line":118,"column":0},"end":{"line":129,"column":1}},"60":{"start":{"line":119,"column":2},"end":{"line":119,"column":29}},"61":{"start":{"line":121,"column":2},"end":{"line":128,"column":5}},"62":{"start":{"line":122,"column":4},"end":{"line":124,"column":5}},"63":{"start":{"line":123,"column":6},"end":{"line":123,"column":35}},"64":{"start":{"line":125,"column":4},"end":{"line":125,"column":27}},"65":{"start":{"line":127,"column":4},"end":{"line":127,"column":21}},"66":{"start":{"line":136,"column":0},"end":{"line":140,"column":1}},"67":{"start":{"line":137,"column":2},"end":{"line":139,"column":32}},"68":{"start":{"line":138,"column":4},"end":{"line":138,"column":26}},"69":{"start":{"line":146,"column":0},"end":{"line":161,"column":1}},"70":{"start":{"line":147,"column":2},"end":{"line":147,"column":28}},"71":{"start":{"line":148,"column":2},"end":{"line":148,"column":45}},"72":{"start":{"line":149,"column":2},"end":{"line":149,"column":45}},"73":{"start":{"line":151,"column":2},"end":{"line":160,"column":5}},"74":{"start":{"line":152,"column":4},"end":{"line":159,"column":5}},"75":{"start":{"line":153,"column":6},"end":{"line":153,"column":30}},"76":{"start":{"line":154,"column":6},"end":{"line":156,"column":40}},"77":{"start":{"line":155,"column":8},"end":{"line":155,"column":30}},"78":{"start":{"line":158,"column":6},"end":{"line":158,"column":35}},"79":{"start":{"line":167,"column":0},"end":{"line":179,"column":1}},"80":{"start":{"line":168,"column":2},"end":{"line":168,"column":28}},"81":{"start":{"line":170,"column":2},"end":{"line":178,"column":5}},"82":{"start":{"line":172,"column":4},"end":{"line":174,"column":5}},"83":{"start":{"line":173,"column":6},"end":{"line":173,"column":35}},"84":{"start":{"line":175,"column":4},"end":{"line":175,"column":19}},"85":{"start":{"line":177,"column":4},"end":{"line":177,"column":21}},"86":{"start":{"line":185,"column":0},"end":{"line":187,"column":1}},"87":{"start":{"line":186,"column":2},"end":{"line":186,"column":20}}},"branchMap":{"1":{"line":16,"type":"cond-expr","locations":[{"start":{"line":16,"column":70},"end":{"line":16,"column":73},"skip":true},{"start":{"line":16,"column":76},"end":{"line":16,"column":94},"skip":true}]},"2":{"line":16,"type":"binary-expr","locations":[{"start":{"line":16,"column":46},"end":{"line":16,"column":49},"skip":true},{"start":{"line":16,"column":53},"end":{"line":16,"column":67},"skip":true}]},"3":{"line":39,"type":"binary-expr","locations":[{"start":{"line":39,"column":15},"end":{"line":39,"column":25}},{"start":{"line":39,"column":29},"end":{"line":39,"column":32}}]},"4":{"line":56,"type":"if","locations":[{"start":{"line":56,"column":4},"end":{"line":56,"column":4}},{"start":{"line":56,"column":4},"end":{"line":56,"column":4}}]},"5":{"line":65,"type":"binary-expr","locations":[{"start":{"line":65,"column":15},"end":{"line":65,"column":25}},{"start":{"line":65,"column":29},"end":{"line":65,"column":32}}]},"6":{"line":72,"type":"binary-expr","locations":[{"start":{"line":72,"column":15},"end":{"line":72,"column":25}},{"start":{"line":72,"column":29},"end":{"line":72,"column":32}}]},"7":{"line":92,"type":"if","locations":[{"start":{"line":92,"column":2},"end":{"line":92,"column":2}},{"start":{"line":92,"column":2},"end":{"line":92,"column":2}}]},"8":{"line":122,"type":"if","locations":[{"start":{"line":122,"column":4},"end":{"line":122,"column":4}},{"start":{"line":122,"column":4},"end":{"line":122,"column":4}}]},"9":{"line":152,"type":"if","locations":[{"start":{"line":152,"column":4},"end":{"line":152,"column":4}},{"start":{"line":152,"column":4},"end":{"line":152,"column":4}}]},"10":{"line":172,"type":"if","locations":[{"start":{"line":172,"column":4},"end":{"line":172,"column":4}},{"start":{"line":172,"column":4},"end":{"line":172,"column":4}}]}}},"/Users/lbilde/Documents/work/courseplanner/server/index.js":{"path":"/Users/lbilde/Documents/work/courseplanner/server/index.js","s":{"1":1,"2":1,"3":1,"4":1},"b":{"1":[1,0],"2":[1,0],"3":[1,1]},"f":{},"fnMap":{},"statementMap":{"1":{"start":{"line":4,"column":0},"end":{"line":4,"column":71}},"2":{"start":{"line":6,"column":0},"end":{"line":9,"column":1}},"3":{"start":{"line":8,"column":2},"end":{"line":8,"column":33}},"4":{"start":{"line":12,"column":0},"end":{"line":12,"column":44}}},"branchMap":{"1":{"line":4,"type":"binary-expr","locations":[{"start":{"line":4,"column":33},"end":{"line":4,"column":53}},{"start":{"line":4,"column":57},"end":{"line":4,"column":70}}]},"2":{"line":6,"type":"if","locations":[{"start":{"line":6,"column":0},"end":{"line":6,"column":0}},{"start":{"line":6,"column":0},"end":{"line":6,"column":0}}]},"3":{"line":6,"type":"binary-expr","locations":[{"start":{"line":6,"column":4},"end":{"line":6,"column":25}},{"start":{"line":6,"column":29},"end":{"line":6,"column":43}}]}}},"/Users/lbilde/Documents/work/courseplanner/server/app.js":{"path":"/Users/lbilde/Documents/work/courseplanner/server/app.js","s":{"1":1,"2":4,"3":1,"4":1,"5":1,"6":1,"7":1,"8":1,"9":1,"10":1,"11":1,"12":1,"13":1,"14":0,"15":0,"16":1,"17":0,"18":1,"19":1,"20":1,"21":1,"22":1,"23":1,"24":1,"25":1,"26":1,"27":1,"28":1},"b":{"1":[0,4],"2":[4,4],"3":[0,1]},"f":{"1":4,"2":0,"3":1,"4":1},"fnMap":{"1":{"name":"_interopRequireDefault","line":9,"loc":{"start":{"line":9,"column":0},"end":{"line":9,"column":37}},"skip":true},"2":{"name":"(anonymous_2)","line":31,"loc":{"start":{"line":31,"column":45},"end":{"line":31,"column":60}}},"3":{"name":"startServer","line":53,"loc":{"start":{"line":53,"column":0},"end":{"line":53,"column":23}}},"4":{"name":"(anonymous_4)","line":54,"loc":{"start":{"line":54,"column":88},"end":{"line":54,"column":100}}}},"statementMap":{"1":{"start":{"line":9,"column":0},"end":{"line":9,"column":97},"skip":true},"2":{"start":{"line":9,"column":39},"end":{"line":9,"column":95},"skip":true},"3":{"start":{"line":11,"column":0},"end":{"line":11,"column":34}},"4":{"start":{"line":13,"column":0},"end":{"line":13,"column":49}},"5":{"start":{"line":15,"column":0},"end":{"line":15,"column":36}},"6":{"start":{"line":17,"column":0},"end":{"line":17,"column":51}},"7":{"start":{"line":19,"column":0},"end":{"line":19,"column":57}},"8":{"start":{"line":21,"column":0},"end":{"line":21,"column":69}},"9":{"start":{"line":23,"column":0},"end":{"line":23,"column":28}},"10":{"start":{"line":25,"column":0},"end":{"line":25,"column":43}},"11":{"start":{"line":29,"column":0},"end":{"line":29,"column":52}},"12":{"start":{"line":30,"column":0},"end":{"line":30,"column":118}},"13":{"start":{"line":31,"column":0},"end":{"line":34,"column":3}},"14":{"start":{"line":32,"column":2},"end":{"line":32,"column":52}},"15":{"start":{"line":33,"column":2},"end":{"line":33,"column":19}},"16":{"start":{"line":37,"column":0},"end":{"line":39,"column":1}},"17":{"start":{"line":38,"column":2},"end":{"line":38,"column":27}},"18":{"start":{"line":42,"column":0},"end":{"line":42,"column":38}},"19":{"start":{"line":43,"column":0},"end":{"line":43,"column":49}},"20":{"start":{"line":44,"column":0},"end":{"line":47,"column":3}},"21":{"start":{"line":48,"column":0},"end":{"line":48,"column":39}},"22":{"start":{"line":49,"column":0},"end":{"line":49,"column":33}},"23":{"start":{"line":50,"column":0},"end":{"line":50,"column":25}},"24":{"start":{"line":53,"column":0},"end":{"line":57,"column":1}},"25":{"start":{"line":54,"column":2},"end":{"line":56,"column":5}},"26":{"start":{"line":55,"column":4},"end":{"line":55,"column":115}},"27":{"start":{"line":59,"column":0},"end":{"line":59,"column":26}},"28":{"start":{"line":62,"column":0},"end":{"line":62,"column":31}}},"branchMap":{"1":{"line":9,"type":"cond-expr","locations":[{"start":{"line":9,"column":70},"end":{"line":9,"column":73},"skip":true},{"start":{"line":9,"column":76},"end":{"line":9,"column":94},"skip":true}]},"2":{"line":9,"type":"binary-expr","locations":[{"start":{"line":9,"column":46},"end":{"line":9,"column":49},"skip":true},{"start":{"line":9,"column":53},"end":{"line":9,"column":67},"skip":true}]},"3":{"line":37,"type":"if","locations":[{"start":{"line":37,"column":0},"end":{"line":37,"column":0}},{"start":{"line":37,"column":0},"end":{"line":37,"column":0}}]}}},"/Users/lbilde/Documents/work/courseplanner/server/config/socketio.js":{"path":"/Users/lbilde/Documents/work/courseplanner/server/config/socketio.js","s":{"1":1,"2":1,"3":1,"4":1,"5":1,"6":1,"7":1,"8":0,"9":0,"10":0,"11":1,"12":1,"13":0,"14":0,"15":0,"16":0,"17":0,"18":0,"19":0,"20":0,"21":0,"22":0,"23":0,"24":1},"b":{"1":[0,1],"2":[1,1]},"f":{"1":1,"2":0,"3":0,"4":0,"5":1,"6":0,"7":0,"8":0},"fnMap":{"1":{"name":"_interopRequireDefault","line":11,"loc":{"start":{"line":11,"column":0},"end":{"line":11,"column":37}},"skip":true},"2":{"name":"onDisconnect","line":18,"loc":{"start":{"line":18,"column":0},"end":{"line":18,"column":30}}},"3":{"name":"onConnect","line":21,"loc":{"start":{"line":21,"column":0},"end":{"line":21,"column":27}}},"4":{"name":"(anonymous_4)","line":23,"loc":{"start":{"line":23,"column":20},"end":{"line":23,"column":36}}},"5":{"name":"(anonymous_5)","line":31,"loc":{"start":{"line":31,"column":21},"end":{"line":31,"column":41}}},"6":{"name":"(anonymous_6)","line":47,"loc":{"start":{"line":47,"column":28},"end":{"line":47,"column":46}}},"7":{"name":"(anonymous_7)","line":52,"loc":{"start":{"line":52,"column":17},"end":{"line":52,"column":29}}},"8":{"name":"(anonymous_8)","line":61,"loc":{"start":{"line":61,"column":28},"end":{"line":61,"column":40}}}},"statementMap":{"1":{"start":{"line":6,"column":0},"end":{"line":8,"column":3}},"2":{"start":{"line":11,"column":0},"end":{"line":11,"column":97},"skip":true},"3":{"start":{"line":11,"column":39},"end":{"line":11,"column":95},"skip":true},"4":{"start":{"line":13,"column":0},"end":{"line":13,"column":44}},"5":{"start":{"line":15,"column":0},"end":{"line":15,"column":57}},"6":{"start":{"line":18,"column":0},"end":{"line":18,"column":32}},"7":{"start":{"line":21,"column":0},"end":{"line":29,"column":1}},"8":{"start":{"line":23,"column":2},"end":{"line":25,"column":5}},"9":{"start":{"line":24,"column":4},"end":{"line":24,"column":46}},"10":{"start":{"line":28,"column":2},"end":{"line":28,"column":62}},"11":{"start":{"line":31,"column":0},"end":{"line":70,"column":2}},"12":{"start":{"line":47,"column":2},"end":{"line":69,"column":5}},"13":{"start":{"line":48,"column":4},"end":{"line":48,"column":106}},"14":{"start":{"line":50,"column":4},"end":{"line":50,"column":36}},"15":{"start":{"line":52,"column":4},"end":{"line":58,"column":6}},"16":{"start":{"line":53,"column":6},"end":{"line":55,"column":7}},"17":{"start":{"line":54,"column":8},"end":{"line":54,"column":37}},"18":{"start":{"line":57,"column":6},"end":{"line":57,"column":109}},"19":{"start":{"line":61,"column":4},"end":{"line":64,"column":7}},"20":{"start":{"line":62,"column":6},"end":{"line":62,"column":27}},"21":{"start":{"line":63,"column":6},"end":{"line":63,"column":33}},"22":{"start":{"line":67,"column":4},"end":{"line":67,"column":22}},"23":{"start":{"line":68,"column":4},"end":{"line":68,"column":28}},"24":{"start":{"line":72,"column":0},"end":{"line":72,"column":36}}},"branchMap":{"1":{"line":11,"type":"cond-expr","locations":[{"start":{"line":11,"column":70},"end":{"line":11,"column":73},"skip":true},{"start":{"line":11,"column":76},"end":{"line":11,"column":94},"skip":true}]},"2":{"line":11,"type":"binary-expr","locations":[{"start":{"line":11,"column":46},"end":{"line":11,"column":49},"skip":true},{"start":{"line":11,"column":53},"end":{"line":11,"column":67},"skip":true}]}}},"/Users/lbilde/Documents/work/courseplanner/server/config/express.js":{"path":"/Users/lbilde/Documents/work/courseplanner/server/config/express.js","s":{"1":1,"2":1,"3":15,"4":1,"5":1,"6":1,"7":1,"8":1,"9":1,"10":1,"11":1,"12":1,"13":1,"14":1,"15":1,"16":1,"17":1,"18":1,"19":1,"20":1,"21":1,"22":1,"23":1,"24":1,"25":1,"26":1,"27":1,"28":1,"29":1,"30":1,"31":1,"32":1,"33":1,"34":1,"35":1,"36":1,"37":1,"38":1,"39":1,"40":1,"41":1,"42":1,"43":1,"44":1,"45":1,"46":1,"47":1,"48":0,"49":1,"50":1,"51":0,"52":0,"53":0,"54":1,"55":0,"56":1,"57":1,"58":1,"59":1,"60":1,"61":1},"b":{"1":[0,15],"2":[15,15],"3":[0,1],"4":[0,1],"5":[0,1],"6":[1,0],"7":[1,1]},"f":{"1":15,"2":1},"fnMap":{"1":{"name":"_interopRequireDefault","line":12,"loc":{"start":{"line":12,"column":0},"end":{"line":12,"column":37}},"skip":true},"2":{"name":"(anonymous_2)","line":76,"loc":{"start":{"line":76,"column":21},"end":{"line":76,"column":36}}}},"statementMap":{"1":{"start":{"line":7,"column":0},"end":{"line":9,"column":3}},"2":{"start":{"line":12,"column":0},"end":{"line":12,"column":97},"skip":true},"3":{"start":{"line":12,"column":39},"end":{"line":12,"column":95},"skip":true},"4":{"start":{"line":14,"column":0},"end":{"line":14,"column":34}},"5":{"start":{"line":16,"column":0},"end":{"line":16,"column":49}},"6":{"start":{"line":18,"column":0},"end":{"line":18,"column":45}},"7":{"start":{"line":20,"column":0},"end":{"line":20,"column":59}},"8":{"start":{"line":22,"column":0},"end":{"line":22,"column":32}},"9":{"start":{"line":24,"column":0},"end":{"line":24,"column":47}},"10":{"start":{"line":26,"column":0},"end":{"line":26,"column":42}},"11":{"start":{"line":28,"column":0},"end":{"line":28,"column":57}},"12":{"start":{"line":30,"column":0},"end":{"line":30,"column":41}},"13":{"start":{"line":32,"column":0},"end":{"line":32,"column":55}},"14":{"start":{"line":34,"column":0},"end":{"line":34,"column":49}},"15":{"start":{"line":36,"column":0},"end":{"line":36,"column":63}},"16":{"start":{"line":38,"column":0},"end":{"line":38,"column":45}},"17":{"start":{"line":40,"column":0},"end":{"line":40,"column":59}},"18":{"start":{"line":42,"column":0},"end":{"line":42,"column":44}},"19":{"start":{"line":44,"column":0},"end":{"line":44,"column":59}},"20":{"start":{"line":46,"column":0},"end":{"line":46,"column":28}},"21":{"start":{"line":48,"column":0},"end":{"line":48,"column":43}},"22":{"start":{"line":50,"column":0},"end":{"line":50,"column":30}},"23":{"start":{"line":52,"column":0},"end":{"line":52,"column":45}},"24":{"start":{"line":54,"column":0},"end":{"line":54,"column":44}},"25":{"start":{"line":56,"column":0},"end":{"line":56,"column":57}},"26":{"start":{"line":58,"column":0},"end":{"line":58,"column":36}},"27":{"start":{"line":60,"column":0},"end":{"line":60,"column":51}},"28":{"start":{"line":62,"column":0},"end":{"line":62,"column":49}},"29":{"start":{"line":64,"column":0},"end":{"line":64,"column":63}},"30":{"start":{"line":66,"column":0},"end":{"line":66,"column":45}},"31":{"start":{"line":68,"column":0},"end":{"line":68,"column":59}},"32":{"start":{"line":70,"column":0},"end":{"line":70,"column":36}},"33":{"start":{"line":72,"column":0},"end":{"line":72,"column":51}},"34":{"start":{"line":74,"column":0},"end":{"line":74,"column":77}},"35":{"start":{"line":76,"column":0},"end":{"line":139,"column":2}},"36":{"start":{"line":77,"column":2},"end":{"line":77,"column":27}},"37":{"start":{"line":79,"column":2},"end":{"line":79,"column":68}},"38":{"start":{"line":80,"column":2},"end":{"line":80,"column":48}},"39":{"start":{"line":81,"column":2},"end":{"line":81,"column":33}},"40":{"start":{"line":82,"column":2},"end":{"line":82,"column":43}},"41":{"start":{"line":83,"column":2},"end":{"line":83,"column":67}},"42":{"start":{"line":84,"column":2},"end":{"line":84,"column":42}},"43":{"start":{"line":85,"column":2},"end":{"line":85,"column":46}},"44":{"start":{"line":86,"column":2},"end":{"line":86,"column":44}},"45":{"start":{"line":87,"column":2},"end":{"line":87,"column":46}},"46":{"start":{"line":92,"column":2},"end":{"line":100,"column":6}},"47":{"start":{"line":106,"column":2},"end":{"line":119,"column":3}},"48":{"start":{"line":107,"column":4},"end":{"line":118,"column":8}},"49":{"start":{"line":121,"column":2},"end":{"line":121,"column":86}},"50":{"start":{"line":123,"column":2},"end":{"line":127,"column":3}},"51":{"start":{"line":124,"column":4},"end":{"line":124,"column":124}},"52":{"start":{"line":125,"column":4},"end":{"line":125,"column":64}},"53":{"start":{"line":126,"column":4},"end":{"line":126,"column":45}},"54":{"start":{"line":129,"column":2},"end":{"line":131,"column":3}},"55":{"start":{"line":130,"column":4},"end":{"line":130,"column":45}},"56":{"start":{"line":133,"column":2},"end":{"line":138,"column":3}},"57":{"start":{"line":134,"column":4},"end":{"line":134,"column":107}},"58":{"start":{"line":135,"column":4},"end":{"line":135,"column":64}},"59":{"start":{"line":136,"column":4},"end":{"line":136,"column":45}},"60":{"start":{"line":137,"column":4},"end":{"line":137,"column":46}},"61":{"start":{"line":141,"column":0},"end":{"line":141,"column":36}}},"branchMap":{"1":{"line":12,"type":"cond-expr","locations":[{"start":{"line":12,"column":70},"end":{"line":12,"column":73},"skip":true},{"start":{"line":12,"column":76},"end":{"line":12,"column":94},"skip":true}]},"2":{"line":12,"type":"binary-expr","locations":[{"start":{"line":12,"column":46},"end":{"line":12,"column":49},"skip":true},{"start":{"line":12,"column":53},"end":{"line":12,"column":67},"skip":true}]},"3":{"line":106,"type":"if","locations":[{"start":{"line":106,"column":2},"end":{"line":106,"column":2}},{"start":{"line":106,"column":2},"end":{"line":106,"column":2}}]},"4":{"line":123,"type":"if","locations":[{"start":{"line":123,"column":2},"end":{"line":123,"column":2}},{"start":{"line":123,"column":2},"end":{"line":123,"column":2}}]},"5":{"line":129,"type":"if","locations":[{"start":{"line":129,"column":2},"end":{"line":129,"column":2}},{"start":{"line":129,"column":2},"end":{"line":129,"column":2}}]},"6":{"line":133,"type":"if","locations":[{"start":{"line":133,"column":2},"end":{"line":133,"column":2}},{"start":{"line":133,"column":2},"end":{"line":133,"column":2}}]},"7":{"line":133,"type":"binary-expr","locations":[{"start":{"line":133,"column":6},"end":{"line":133,"column":27}},{"start":{"line":133,"column":31},"end":{"line":133,"column":45}}]}}},"/Users/lbilde/Documents/work/courseplanner/server/routes.js":{"path":"/Users/lbilde/Documents/work/courseplanner/server/routes.js","s":{"1":1,"2":1,"3":2,"4":1,"5":1,"6":1,"7":1,"8":1,"9":1,"10":1,"11":1,"12":1,"13":1,"14":0,"15":1},"b":{"1":[0,2],"2":[2,2]},"f":{"1":2,"2":1,"3":0},"fnMap":{"1":{"name":"_interopRequireDefault","line":12,"loc":{"start":{"line":12,"column":0},"end":{"line":12,"column":37}},"skip":true},"2":{"name":"(anonymous_2)","line":22,"loc":{"start":{"line":22,"column":21},"end":{"line":22,"column":36}}},"3":{"name":"(anonymous_3)","line":33,"loc":{"start":{"line":33,"column":22},"end":{"line":33,"column":42}}}},"statementMap":{"1":{"start":{"line":7,"column":0},"end":{"line":9,"column":3}},"2":{"start":{"line":12,"column":0},"end":{"line":12,"column":97},"skip":true},"3":{"start":{"line":12,"column":39},"end":{"line":12,"column":95},"skip":true},"4":{"start":{"line":14,"column":0},"end":{"line":14,"column":55}},"5":{"start":{"line":16,"column":0},"end":{"line":16,"column":67}},"6":{"start":{"line":18,"column":0},"end":{"line":18,"column":28}},"7":{"start":{"line":20,"column":0},"end":{"line":20,"column":43}},"8":{"start":{"line":22,"column":0},"end":{"line":36,"column":2}},"9":{"start":{"line":24,"column":2},"end":{"line":24,"column":56}},"10":{"start":{"line":25,"column":2},"end":{"line":25,"column":47}},"11":{"start":{"line":27,"column":2},"end":{"line":27,"column":38}},"12":{"start":{"line":30,"column":2},"end":{"line":30,"column":112}},"13":{"start":{"line":33,"column":2},"end":{"line":35,"column":5}},"14":{"start":{"line":34,"column":4},"end":{"line":34,"column":80}},"15":{"start":{"line":38,"column":0},"end":{"line":38,"column":36}}},"branchMap":{"1":{"line":12,"type":"cond-expr","locations":[{"start":{"line":12,"column":70},"end":{"line":12,"column":73},"skip":true},{"start":{"line":12,"column":76},"end":{"line":12,"column":94},"skip":true}]},"2":{"line":12,"type":"binary-expr","locations":[{"start":{"line":12,"column":46},"end":{"line":12,"column":49},"skip":true},{"start":{"line":12,"column":53},"end":{"line":12,"column":67},"skip":true}]}}},"/Users/lbilde/Documents/work/courseplanner/server/components/errors/index.js":{"path":"/Users/lbilde/Documents/work/courseplanner/server/components/errors/index.js","s":{"1":1,"2":0,"3":0,"4":0,"5":0,"6":0,"7":0,"8":0,"9":0},"b":{"1":[0,0]},"f":{"1":0,"2":0},"fnMap":{"1":{"name":"pageNotFound","line":7,"loc":{"start":{"line":7,"column":22},"end":{"line":7,"column":54}}},"2":{"name":"(anonymous_2)","line":15,"loc":{"start":{"line":15,"column":31},"end":{"line":15,"column":52}}}},"statementMap":{"1":{"start":{"line":7,"column":0},"end":{"line":22,"column":2}},"2":{"start":{"line":8,"column":2},"end":{"line":8,"column":27}},"3":{"start":{"line":9,"column":2},"end":{"line":9,"column":23}},"4":{"start":{"line":10,"column":2},"end":{"line":12,"column":4}},"5":{"start":{"line":14,"column":2},"end":{"line":14,"column":28}},"6":{"start":{"line":15,"column":2},"end":{"line":21,"column":5}},"7":{"start":{"line":16,"column":4},"end":{"line":18,"column":5}},"8":{"start":{"line":17,"column":6},"end":{"line":17,"column":45}},"9":{"start":{"line":20,"column":4},"end":{"line":20,"column":19}}},"branchMap":{"1":{"line":16,"type":"if","locations":[{"start":{"line":16,"column":4},"end":{"line":16,"column":4}},{"start":{"line":16,"column":4},"end":{"line":16,"column":4}}]}}},"/Users/lbilde/Documents/work/courseplanner/server/auth/index.js":{"path":"/Users/lbilde/Documents/work/courseplanner/server/auth/index.js","s":{"1":1,"2":1,"3":4,"4":1,"5":1,"6":1,"7":1,"8":1,"9":1,"10":1,"11":1,"12":1,"13":1,"14":1,"15":1,"16":1},"b":{"1":[0,4],"2":[4,4]},"f":{"1":4},"fnMap":{"1":{"name":"_interopRequireDefault","line":8,"loc":{"start":{"line":8,"column":0},"end":{"line":8,"column":37}},"skip":true}},"statementMap":{"1":{"start":{"line":3,"column":0},"end":{"line":5,"column":3}},"2":{"start":{"line":8,"column":0},"end":{"line":8,"column":97},"skip":true},"3":{"start":{"line":8,"column":39},"end":{"line":8,"column":95},"skip":true},"4":{"start":{"line":10,"column":0},"end":{"line":10,"column":34}},"5":{"start":{"line":12,"column":0},"end":{"line":12,"column":49}},"6":{"start":{"line":14,"column":0},"end":{"line":14,"column":36}},"7":{"start":{"line":16,"column":0},"end":{"line":16,"column":51}},"8":{"start":{"line":18,"column":0},"end":{"line":18,"column":58}},"9":{"start":{"line":20,"column":0},"end":{"line":20,"column":69}},"10":{"start":{"line":22,"column":0},"end":{"line":22,"column":58}},"11":{"start":{"line":24,"column":0},"end":{"line":24,"column":67}},"12":{"start":{"line":27,"column":0},"end":{"line":27,"column":97}},"13":{"start":{"line":29,"column":0},"end":{"line":29,"column":43}},"14":{"start":{"line":31,"column":0},"end":{"line":31,"column":41}},"15":{"start":{"line":33,"column":0},"end":{"line":33,"column":28}},"16":{"start":{"line":34,"column":0},"end":{"line":34,"column":36}}},"branchMap":{"1":{"line":8,"type":"cond-expr","locations":[{"start":{"line":8,"column":70},"end":{"line":8,"column":73},"skip":true},{"start":{"line":8,"column":76},"end":{"line":8,"column":94},"skip":true}]},"2":{"line":8,"type":"binary-expr","locations":[{"start":{"line":8,"column":46},"end":{"line":8,"column":49},"skip":true},{"start":{"line":8,"column":53},"end":{"line":8,"column":67},"skip":true}]}}},"/Users/lbilde/Documents/work/courseplanner/server/auth/local/passport.js":{"path":"/Users/lbilde/Documents/work/courseplanner/server/auth/local/passport.js","s":{"1":1,"2":1,"3":1,"4":1,"5":1,"6":1,"7":1,"8":1,"9":0,"10":0,"11":0,"12":0,"13":0,"14":0,"15":0,"16":0,"17":0,"18":0,"19":1,"20":1,"21":0},"b":{"1":[0,1],"2":[1,1],"3":[0,0],"4":[0,0],"5":[0,0]},"f":{"1":1,"2":0,"3":0,"4":0,"5":0,"6":1,"7":0},"fnMap":{"1":{"name":"_interopRequireDefault","line":9,"loc":{"start":{"line":9,"column":0},"end":{"line":9,"column":37}},"skip":true},"2":{"name":"localAuthenticate","line":17,"loc":{"start":{"line":17,"column":0},"end":{"line":17,"column":56}}},"3":{"name":"(anonymous_3)","line":20,"loc":{"start":{"line":20,"column":10},"end":{"line":20,"column":26}}},"4":{"name":"(anonymous_4)","line":26,"loc":{"start":{"line":26,"column":32},"end":{"line":26,"column":68}}},"5":{"name":"(anonymous_5)","line":36,"loc":{"start":{"line":36,"column":14},"end":{"line":36,"column":29}}},"6":{"name":"setup","line":41,"loc":{"start":{"line":41,"column":0},"end":{"line":41,"column":29}}},"7":{"name":"(anonymous_7)","line":45,"loc":{"start":{"line":45,"column":5},"end":{"line":45,"column":38}}}},"statementMap":{"1":{"start":{"line":3,"column":0},"end":{"line":5,"column":3}},"2":{"start":{"line":6,"column":0},"end":{"line":6,"column":22}},"3":{"start":{"line":9,"column":0},"end":{"line":9,"column":97},"skip":true},"4":{"start":{"line":9,"column":39},"end":{"line":9,"column":95},"skip":true},"5":{"start":{"line":11,"column":0},"end":{"line":11,"column":36}},"6":{"start":{"line":13,"column":0},"end":{"line":13,"column":51}},"7":{"start":{"line":15,"column":0},"end":{"line":15,"column":47}},"8":{"start":{"line":17,"column":0},"end":{"line":39,"column":1}},"9":{"start":{"line":18,"column":2},"end":{"line":38,"column":5}},"10":{"start":{"line":21,"column":4},"end":{"line":25,"column":5}},"11":{"start":{"line":22,"column":6},"end":{"line":24,"column":9}},"12":{"start":{"line":26,"column":4},"end":{"line":35,"column":7}},"13":{"start":{"line":27,"column":6},"end":{"line":29,"column":7}},"14":{"start":{"line":28,"column":8},"end":{"line":28,"column":31}},"15":{"start":{"line":30,"column":6},"end":{"line":34,"column":7}},"16":{"start":{"line":31,"column":8},"end":{"line":31,"column":79}},"17":{"start":{"line":33,"column":8},"end":{"line":33,"column":32}},"18":{"start":{"line":37,"column":4},"end":{"line":37,"column":21}},"19":{"start":{"line":41,"column":0},"end":{"line":48,"column":1}},"20":{"start":{"line":42,"column":2},"end":{"line":47,"column":6}},"21":{"start":{"line":46,"column":4},"end":{"line":46,"column":58}}},"branchMap":{"1":{"line":9,"type":"cond-expr","locations":[{"start":{"line":9,"column":70},"end":{"line":9,"column":73},"skip":true},{"start":{"line":9,"column":76},"end":{"line":9,"column":94},"skip":true}]},"2":{"line":9,"type":"binary-expr","locations":[{"start":{"line":9,"column":46},"end":{"line":9,"column":49},"skip":true},{"start":{"line":9,"column":53},"end":{"line":9,"column":67},"skip":true}]},"3":{"line":21,"type":"if","locations":[{"start":{"line":21,"column":4},"end":{"line":21,"column":4}},{"start":{"line":21,"column":4},"end":{"line":21,"column":4}}]},"4":{"line":27,"type":"if","locations":[{"start":{"line":27,"column":6},"end":{"line":27,"column":6}},{"start":{"line":27,"column":6},"end":{"line":27,"column":6}}]},"5":{"line":30,"type":"if","locations":[{"start":{"line":30,"column":6},"end":{"line":30,"column":6}},{"start":{"line":30,"column":6},"end":{"line":30,"column":6}}]}}},"/Users/lbilde/Documents/work/courseplanner/server/auth/local/index.js":{"path":"/Users/lbilde/Documents/work/courseplanner/server/auth/local/index.js","s":{"1":1,"2":1,"3":2,"4":1,"5":1,"6":1,"7":1,"8":1,"9":1,"10":1,"11":0,"12":0,"13":0,"14":0,"15":0,"16":0,"17":0,"18":0,"19":1,"20":1},"b":{"1":[0,2],"2":[2,2],"3":[0,0],"4":[0,0],"5":[0,0]},"f":{"1":2,"2":0,"3":0},"fnMap":{"1":{"name":"_interopRequireDefault","line":8,"loc":{"start":{"line":8,"column":0},"end":{"line":8,"column":37}},"skip":true},"2":{"name":"(anonymous_2)","line":22,"loc":{"start":{"line":22,"column":17},"end":{"line":22,"column":43}}},"3":{"name":"(anonymous_3)","line":23,"loc":{"start":{"line":23,"column":46},"end":{"line":23,"column":73}}}},"statementMap":{"1":{"start":{"line":3,"column":0},"end":{"line":5,"column":3}},"2":{"start":{"line":8,"column":0},"end":{"line":8,"column":97},"skip":true},"3":{"start":{"line":8,"column":39},"end":{"line":8,"column":95},"skip":true},"4":{"start":{"line":10,"column":0},"end":{"line":10,"column":34}},"5":{"start":{"line":12,"column":0},"end":{"line":12,"column":49}},"6":{"start":{"line":14,"column":0},"end":{"line":14,"column":36}},"7":{"start":{"line":16,"column":0},"end":{"line":16,"column":51}},"8":{"start":{"line":18,"column":0},"end":{"line":18,"column":46}},"9":{"start":{"line":20,"column":0},"end":{"line":20,"column":43}},"10":{"start":{"line":22,"column":0},"end":{"line":35,"column":3}},"11":{"start":{"line":23,"column":2},"end":{"line":34,"column":21}},"12":{"start":{"line":24,"column":4},"end":{"line":24,"column":28}},"13":{"start":{"line":25,"column":4},"end":{"line":27,"column":5}},"14":{"start":{"line":26,"column":6},"end":{"line":26,"column":41}},"15":{"start":{"line":28,"column":4},"end":{"line":30,"column":5}},"16":{"start":{"line":29,"column":6},"end":{"line":29,"column":90}},"17":{"start":{"line":32,"column":4},"end":{"line":32,"column":65}},"18":{"start":{"line":33,"column":4},"end":{"line":33,"column":31}},"19":{"start":{"line":37,"column":0},"end":{"line":37,"column":28}},"20":{"start":{"line":38,"column":0},"end":{"line":38,"column":36}}},"branchMap":{"1":{"line":8,"type":"cond-expr","locations":[{"start":{"line":8,"column":70},"end":{"line":8,"column":73},"skip":true},{"start":{"line":8,"column":76},"end":{"line":8,"column":94},"skip":true}]},"2":{"line":8,"type":"binary-expr","locations":[{"start":{"line":8,"column":46},"end":{"line":8,"column":49},"skip":true},{"start":{"line":8,"column":53},"end":{"line":8,"column":67},"skip":true}]},"3":{"line":24,"type":"binary-expr","locations":[{"start":{"line":24,"column":16},"end":{"line":24,"column":19}},{"start":{"line":24,"column":23},"end":{"line":24,"column":27}}]},"4":{"line":25,"type":"if","locations":[{"start":{"line":25,"column":4},"end":{"line":25,"column":4}},{"start":{"line":25,"column":4},"end":{"line":25,"column":4}}]},"5":{"line":28,"type":"if","locations":[{"start":{"line":28,"column":4},"end":{"line":28,"column":4}},{"start":{"line":28,"column":4},"end":{"line":28,"column":4}}]}}}}