TN:
SF:/Users/lbilde/Documents/work/courseplanner/mocha.conf.js
FNF:0
FNH:0
DA:4,1
DA:6,1
DA:9,1
DA:10,1
DA:11,1
DA:14,1
DA:17,1
DA:18,1
DA:19,1
LF:9
LH:9
BRF:0
BRH:0
end_of_record
TN:
SF:/Users/lbilde/Documents/work/courseplanner/server/api/syllabus/index.js
FNF:0
FNH:0
DA:3,2
DA:4,2
DA:5,2
DA:6,2
DA:8,2
DA:10,2
DA:11,2
DA:12,2
DA:13,2
DA:14,2
DA:16,2
DA:18,2
LF:12
LH:12
BRF:0
BRH:0
end_of_record
TN:
SF:/Users/lbilde/Documents/work/courseplanner/server/api/syllabus/syllabus.controller.js
FN:22,_interopRequireDefault
FN:30,handleError
FN:32,(anonymous_3)
FN:37,responseWithResult
FN:39,(anonymous_5)
FN:46,handleEntityNotFound
FN:47,(anonymous_7)
FN:56,saveUpdates
FN:57,(anonymous_9)
FN:59,(anonymous_10)
FN:65,removeEntity
FN:66,(anonymous_12)
FN:68,(anonymous_13)
FN:77,index
FN:96,(anonymous_15)
FN:117,show
FN:123,create
FN:129,update
FN:138,destroy
FNF:19
FNH:1
FNDA:1,_interopRequireDefault
FNDA:0,handleError
FNDA:0,(anonymous_3)
FNDA:0,responseWithResult
FNDA:0,(anonymous_5)
FNDA:0,handleEntityNotFound
FNDA:0,(anonymous_7)
FNDA:0,saveUpdates
FNDA:0,(anonymous_9)
FNDA:0,(anonymous_10)
FNDA:0,removeEntity
FNDA:0,(anonymous_12)
FNDA:0,(anonymous_13)
FNDA:0,index
FNDA:0,(anonymous_15)
FNDA:0,show
FNDA:0,create
FNDA:0,update
FNDA:0,destroy
DA:12,1
DA:15,1
DA:16,1
DA:17,1
DA:18,1
DA:19,1
DA:22,1
DA:24,1
DA:26,1
DA:28,1
DA:30,1
DA:31,0
DA:32,0
DA:33,0
DA:37,1
DA:38,0
DA:39,0
DA:40,0
DA:41,0
DA:46,1
DA:47,0
DA:48,0
DA:49,0
DA:50,0
DA:52,0
DA:56,1
DA:57,0
DA:58,0
DA:59,0
DA:60,0
DA:65,1
DA:66,0
DA:67,0
DA:68,0
DA:69,0
DA:77,1
DA:79,0
DA:80,0
DA:81,0
DA:85,0
DA:86,0
DA:88,0
DA:89,0
DA:93,0
DA:96,0
DA:97,0
DA:98,0
DA:102,0
DA:111,0
DA:117,1
DA:118,0
DA:123,1
DA:124,0
DA:129,1
DA:130,0
DA:131,0
DA:133,0
DA:138,1
DA:139,0
LF:59
LH:20
BRDA:22,1,0,0
BRDA:22,1,1,1
BRDA:22,2,0,1
BRDA:22,2,1,1
BRDA:31,3,0,0
BRDA:31,3,1,0
BRDA:38,4,0,0
BRDA:38,4,1,0
BRDA:40,5,0,0
BRDA:40,5,1,0
BRDA:48,6,0,0
BRDA:48,6,1,0
BRDA:67,7,0,0
BRDA:67,7,1,0
BRDA:80,8,0,0
BRDA:80,8,1,0
BRDA:80,9,0,0
BRDA:80,9,1,0
BRDA:85,10,0,0
BRDA:85,10,1,0
BRDA:85,11,0,0
BRDA:85,11,1,0
BRDA:88,12,0,0
BRDA:88,12,1,0
BRDA:88,13,0,0
BRDA:88,13,1,0
BRDA:97,14,0,0
BRDA:97,14,1,0
BRDA:130,15,0,0
BRDA:130,15,1,0
BRF:30
BRH:4
end_of_record
TN:
SF:/Users/lbilde/Documents/work/courseplanner/server/api/syllabus/syllabus.model.js
FNF:0
FNH:0
DA:3,1
DA:6,1
DA:10,1
DA:33,1
DA:35,1
DA:36,1
LF:6
LH:6
BRF:0
BRH:0
end_of_record
TN:
SF:/Users/lbilde/Documents/work/courseplanner/server/auth/auth.service.js
FN:12,_interopRequireDefault
FN:47,isAuthenticated
FN:50,(anonymous_3)
FN:58,(anonymous_4)
FN:59,(anonymous_5)
FN:65,(anonymous_6)
FN:75,hasRole
FN:80,meetsRequirements
FN:83,(anonymous_9)
FN:102,signToken
FN:115,setTokenCookie
FNF:11
FNH:3
FNDA:6,_interopRequireDefault
FNDA:18,isAuthenticated
FNDA:0,(anonymous_3)
FNDA:0,(anonymous_4)
FNDA:0,(anonymous_5)
FNDA:0,(anonymous_6)
FNDA:9,hasRole
FNDA:0,meetsRequirements
FNDA:0,(anonymous_9)
FNDA:0,signToken
FNDA:0,setTokenCookie
DA:3,1
DA:6,1
DA:7,1
DA:8,1
DA:9,1
DA:12,6
DA:14,1
DA:16,1
DA:18,1
DA:20,1
DA:22,1
DA:24,1
DA:26,1
DA:28,1
DA:30,1
DA:32,1
DA:34,1
DA:36,1
DA:38,1
DA:47,1
DA:48,18
DA:52,0
DA:53,0
DA:55,0
DA:59,0
DA:60,0
DA:61,0
DA:63,0
DA:64,0
DA:66,0
DA:75,1
DA:76,9
DA:77,0
DA:80,9
DA:81,0
DA:82,0
DA:83,0
DA:84,0
DA:85,0
DA:90,0
DA:91,0
DA:93,0
DA:102,1
DA:103,0
DA:115,1
DA:116,0
DA:117,0
DA:119,0
DA:120,0
DA:121,0
LF:50
LH:26
BRDA:12,1,0,0
BRDA:12,1,1,6
BRDA:12,2,0,6
BRDA:12,2,1,6
BRDA:52,3,0,0
BRDA:52,3,1,0
BRDA:52,4,0,0
BRDA:52,4,1,0
BRDA:60,5,0,0
BRDA:60,5,1,0
BRDA:76,6,0,0
BRDA:76,6,1,9
BRDA:82,7,0,0
BRDA:82,7,1,0
BRDA:84,8,0,0
BRDA:84,8,1,0
BRDA:90,9,0,0
BRDA:90,9,1,0
BRDA:116,10,0,0
BRDA:116,10,1,0
BRF:20
BRH:5
end_of_record
TN:
SF:/Users/lbilde/Documents/work/courseplanner/server/config/environment/index.js
FN:6,requiredProcessEnv
FNF:1
FNH:0
FNDA:0,requiredProcessEnv
DA:3,1
DA:4,1
DA:6,1
DA:7,0
DA:8,0
DA:10,0
DA:15,1
DA:47,1
LF:8
LH:5
BRDA:7,1,0,0
BRDA:7,1,1,0
BRDA:22,2,0,1
BRDA:22,2,1,1
BRDA:25,3,0,1
BRDA:25,3,1,1
BRDA:47,4,0,1
BRDA:47,4,1,0
BRF:8
BRH:5
end_of_record
TN:
SF:/Users/lbilde/Documents/work/courseplanner/server/config/environment/shared.js
FNF:0
FNH:0
DA:3,1
LF:1
LH:1
BRF:0
BRH:0
end_of_record
TN:
SF:/Users/lbilde/Documents/work/courseplanner/server/config/environment/test.js
FNF:0
FNH:0
DA:5,1
LF:1
LH:1
BRF:0
BRH:0
end_of_record
TN:
SF:/Users/lbilde/Documents/work/courseplanner/server/api/user/user.model.js
FN:8,_interopRequireDefault
FN:38,(anonymous_2)
FN:48,(anonymous_3)
FN:60,(anonymous_4)
FN:65,(anonymous_5)
FN:70,(anonymous_6)
FN:72,(anonymous_7)
FN:80,(anonymous_8)
FN:85,validatePresenceOf
FN:92,(anonymous_10)
FN:107,(anonymous_11)
FN:112,(anonymous_12)
FN:134,authenticate
FN:143,(anonymous_14)
FN:164,makeSalt
FN:182,(anonymous_16)
FN:199,encryptPassword
FN:212,(anonymous_18)
FNF:18
FNH:14
FNDA:1,_interopRequireDefault
FNDA:0,(anonymous_2)
FNDA:0,(anonymous_3)
FNDA:6,(anonymous_4)
FNDA:6,(anonymous_5)
FNDA:5,(anonymous_6)
FNDA:5,(anonymous_7)
FNDA:0,(anonymous_8)
FNDA:4,validatePresenceOf
FNDA:5,(anonymous_10)
FNDA:4,(anonymous_11)
FNDA:4,(anonymous_12)
FNDA:3,authenticate
FNDA:0,(anonymous_14)
FNDA:4,makeSalt
FNDA:4,(anonymous_16)
FNDA:7,encryptPassword
FNDA:4,(anonymous_18)
DA:3,1
DA:8,1
DA:10,1
DA:12,1
DA:14,1
DA:16,1
DA:18,1
DA:38,1
DA:39,0
DA:48,1
DA:49,0
DA:60,1
DA:61,6
DA:65,1
DA:66,6
DA:70,1
DA:71,5
DA:72,5
DA:73,5
DA:74,1
DA:75,0
DA:77,1
DA:79,4
DA:81,0
DA:85,1
DA:86,4
DA:92,1
DA:95,5
DA:98,5
DA:99,1
DA:102,4
DA:103,0
DA:107,4
DA:108,4
DA:109,0
DA:111,4
DA:112,4
DA:113,4
DA:114,0
DA:116,4
DA:117,4
DA:125,1
DA:137,3
DA:139,3
DA:140,3
DA:143,0
DA:144,0
DA:145,0
DA:148,0
DA:149,0
DA:151,0
DA:165,4
DA:167,4
DA:168,4
DA:169,4
DA:170,0
DA:171,0
DA:174,4
DA:175,0
DA:178,4
DA:179,0
DA:182,4
DA:183,4
DA:184,0
DA:186,4
DA:200,7
DA:201,0
DA:204,7
DA:205,7
DA:206,7
DA:208,7
DA:209,3
DA:212,4
DA:213,4
DA:214,0
DA:216,4
DA:222,1
DA:223,1
LF:78
LH:58
BRDA:8,1,0,0
BRDA:8,1,1,1
BRDA:8,2,0,1
BRDA:8,2,1,1
BRDA:73,3,0,1
BRDA:73,3,1,4
BRDA:74,4,0,0
BRDA:74,4,1,1
BRDA:86,5,0,4
BRDA:86,5,1,4
BRDA:98,6,0,1
BRDA:98,6,1,4
BRDA:102,7,0,0
BRDA:102,7,1,4
BRDA:108,8,0,0
BRDA:108,8,1,4
BRDA:113,9,0,0
BRDA:113,9,1,4
BRDA:139,10,0,3
BRDA:139,10,1,0
BRDA:144,11,0,0
BRDA:144,11,1,0
BRDA:148,12,0,0
BRDA:148,12,1,0
BRDA:167,13,0,4
BRDA:167,13,1,0
BRDA:170,14,0,0
BRDA:170,14,1,0
BRDA:174,15,0,0
BRDA:174,15,1,4
BRDA:178,16,0,0
BRDA:178,16,1,4
BRDA:183,17,0,0
BRDA:183,17,1,4
BRDA:200,18,0,0
BRDA:200,18,1,7
BRDA:200,19,0,7
BRDA:200,19,1,7
BRDA:208,20,0,3
BRDA:208,20,1,4
BRDA:213,21,0,0
BRDA:213,21,1,4
BRF:42
BRH:25
end_of_record
TN:
SF:/Users/lbilde/Documents/work/courseplanner/server/api/syllabus/syllabus.auth.js
FN:16,isOwner
FN:17,meetsRequirements
FN:18,(anonymous_3)
FNF:3
FNH:1
FNDA:2,isOwner
FNDA:0,meetsRequirements
FNDA:0,(anonymous_3)
DA:4,1
DA:7,1
DA:8,1
DA:9,1
DA:10,1
DA:16,1
DA:17,2
DA:18,0
DA:19,0
DA:20,0
DA:22,0
LF:11
LH:7
BRDA:19,1,0,0
BRDA:19,1,1,0
BRDA:19,2,0,0
BRDA:19,2,1,0
BRDA:19,2,2,0
BRF:5
BRH:0
end_of_record
TN:
SF:/Users/lbilde/Documents/work/courseplanner/server/api/user/index.js
FN:8,_interopRequireWildcard
FNF:1
FNH:1
FNDA:4,_interopRequireWildcard
DA:3,2
DA:8,4
DA:10,2
DA:12,2
DA:14,2
DA:16,2
DA:18,2
DA:20,2
DA:22,2
DA:23,2
DA:24,2
DA:25,2
DA:26,2
DA:27,2
DA:29,2
DA:31,2
DA:32,2
LF:17
LH:17
BRDA:8,1,0,4
BRDA:8,1,1,0
BRDA:8,2,0,4
BRDA:8,2,1,4
BRDA:8,3,0,0
BRDA:8,3,1,0
BRDA:8,4,0,0
BRDA:8,4,1,0
BRF:8
BRH:8
end_of_record
TN:
SF:/Users/lbilde/Documents/work/courseplanner/server/api/user/user.controller.js
FN:16,_interopRequireDefault
FN:38,validationError
FN:40,(anonymous_3)
FN:45,saveUpdates
FN:46,(anonymous_5)
FN:48,(anonymous_6)
FN:54,handleEntityNotFound
FN:55,(anonymous_8)
FN:64,handleError
FN:66,(anonymous_10)
FN:71,respondWith
FN:73,(anonymous_12)
FN:83,index
FN:84,(anonymous_14)
FN:91,update
FN:102,create
FN:106,(anonymous_17)
FN:118,show
FN:121,(anonymous_19)
FN:126,(anonymous_20)
FN:136,destroy
FN:137,(anonymous_22)
FN:146,changePassword
FN:151,(anonymous_24)
FN:154,(anonymous_25)
FN:167,me
FN:170,(anonymous_27)
FN:176,(anonymous_28)
FN:185,authCallback
FNF:29
FNH:1
FNDA:5,_interopRequireDefault
FNDA:0,validationError
FNDA:0,(anonymous_3)
FNDA:0,saveUpdates
FNDA:0,(anonymous_5)
FNDA:0,(anonymous_6)
FNDA:0,handleEntityNotFound
FNDA:0,(anonymous_8)
FNDA:0,handleError
FNDA:0,(anonymous_10)
FNDA:0,respondWith
FNDA:0,(anonymous_12)
FNDA:0,index
FNDA:0,(anonymous_14)
FNDA:0,update
FNDA:0,create
FNDA:0,(anonymous_17)
FNDA:0,show
FNDA:0,(anonymous_19)
FNDA:0,(anonymous_20)
FNDA:0,destroy
FNDA:0,(anonymous_22)
FNDA:0,changePassword
FNDA:0,(anonymous_24)
FNDA:0,(anonymous_25)
FNDA:0,me
FNDA:0,(anonymous_27)
FNDA:0,(anonymous_28)
FNDA:0,authCallback
DA:3,1
DA:6,1
DA:7,1
DA:8,1
DA:9,1
DA:10,1
DA:11,1
DA:12,1
DA:13,1
DA:16,5
DA:18,1
DA:20,1
DA:22,1
DA:24,1
DA:26,1
DA:28,1
DA:30,1
DA:32,1
DA:34,1
DA:36,1
DA:38,1
DA:39,0
DA:40,0
DA:41,0
DA:45,1
DA:46,0
DA:47,0
DA:48,0
DA:49,0
DA:54,1
DA:55,0
DA:56,0
DA:57,0
DA:58,0
DA:60,0
DA:64,1
DA:65,0
DA:66,0
DA:67,0
DA:71,1
DA:72,0
DA:73,0
DA:74,0
DA:83,1
DA:84,0
DA:85,0
DA:91,1
DA:92,0
DA:93,0
DA:95,0
DA:102,1
DA:103,0
DA:104,0
DA:105,0
DA:106,0
DA:107,0
DA:110,0
DA:118,1
DA:119,0
DA:121,0
DA:122,0
DA:123,0
DA:125,0
DA:127,0
DA:136,1
DA:137,0
DA:138,0
DA:146,1
DA:147,0
DA:148,0
DA:149,0
DA:151,0
DA:152,0
DA:153,0
DA:154,0
DA:155,0
DA:158,0
DA:167,1
DA:168,0
DA:170,0
DA:172,0
DA:173,0
DA:175,0
DA:177,0
DA:185,1
DA:186,0
LF:86
LH:33
BRDA:16,1,0,0
BRDA:16,1,1,5
BRDA:16,2,0,5
BRDA:16,2,1,5
BRDA:39,3,0,0
BRDA:39,3,1,0
BRDA:56,4,0,0
BRDA:56,4,1,0
BRDA:65,5,0,0
BRDA:65,5,1,0
BRDA:72,6,0,0
BRDA:72,6,1,0
BRDA:92,7,0,0
BRDA:92,7,1,0
BRDA:122,8,0,0
BRDA:122,8,1,0
BRDA:152,9,0,0
BRDA:152,9,1,0
BRDA:172,10,0,0
BRDA:172,10,1,0
BRF:20
BRH:4
end_of_record
TN:
SF:/Users/lbilde/Documents/work/courseplanner/server/index.js
FNF:0
FNH:0
DA:4,1
DA:6,1
DA:8,1
DA:12,1
LF:4
LH:4
BRDA:4,1,0,1
BRDA:4,1,1,0
BRDA:6,2,0,1
BRDA:6,2,1,0
BRDA:6,3,0,1
BRDA:6,3,1,1
BRF:6
BRH:4
end_of_record
TN:
SF:/Users/lbilde/Documents/work/courseplanner/server/app.js
FN:9,_interopRequireDefault
FN:31,(anonymous_2)
FN:53,startServer
FN:54,(anonymous_4)
FNF:4
FNH:3
FNDA:4,_interopRequireDefault
FNDA:0,(anonymous_2)
FNDA:1,startServer
FNDA:1,(anonymous_4)
DA:9,4
DA:11,1
DA:13,1
DA:15,1
DA:17,1
DA:19,1
DA:21,1
DA:23,1
DA:25,1
DA:29,1
DA:30,1
DA:31,1
DA:32,0
DA:33,0
DA:37,1
DA:38,0
DA:42,1
DA:43,1
DA:44,1
DA:48,1
DA:49,1
DA:50,1
DA:53,1
DA:54,1
DA:55,1
DA:59,1
DA:62,1
LF:27
LH:24
BRDA:9,1,0,0
BRDA:9,1,1,4
BRDA:9,2,0,4
BRDA:9,2,1,4
BRDA:37,3,0,0
BRDA:37,3,1,1
BRF:6
BRH:5
end_of_record
TN:
SF:/Users/lbilde/Documents/work/courseplanner/server/config/socketio.js
FN:11,_interopRequireDefault
FN:18,onDisconnect
FN:21,onConnect
FN:23,(anonymous_4)
FN:31,(anonymous_5)
FN:47,(anonymous_6)
FN:52,(anonymous_7)
FN:61,(anonymous_8)
FNF:8
FNH:2
FNDA:1,_interopRequireDefault
FNDA:0,onDisconnect
FNDA:0,onConnect
FNDA:0,(anonymous_4)
FNDA:1,(anonymous_5)
FNDA:0,(anonymous_6)
FNDA:0,(anonymous_7)
FNDA:0,(anonymous_8)
DA:6,1
DA:11,1
DA:13,1
DA:15,1
DA:18,1
DA:21,1
DA:23,0
DA:24,0
DA:28,0
DA:31,1
DA:47,1
DA:48,0
DA:50,0
DA:52,0
DA:53,0
DA:54,0
DA:57,0
DA:61,0
DA:62,0
DA:63,0
DA:67,0
DA:68,0
DA:72,1
LF:23
LH:9
BRDA:11,1,0,0
BRDA:11,1,1,1
BRDA:11,2,0,1
BRDA:11,2,1,1
BRF:4
BRH:4
end_of_record
TN:
SF:/Users/lbilde/Documents/work/courseplanner/server/config/express.js
FN:12,_interopRequireDefault
FN:76,(anonymous_2)
FNF:2
FNH:2
FNDA:15,_interopRequireDefault
FNDA:1,(anonymous_2)
DA:7,1
DA:12,15
DA:14,1
DA:16,1
DA:18,1
DA:20,1
DA:22,1
DA:24,1
DA:26,1
DA:28,1
DA:30,1
DA:32,1
DA:34,1
DA:36,1
DA:38,1
DA:40,1
DA:42,1
DA:44,1
DA:46,1
DA:48,1
DA:50,1
DA:52,1
DA:54,1
DA:56,1
DA:58,1
DA:60,1
DA:62,1
DA:64,1
DA:66,1
DA:68,1
DA:70,1
DA:72,1
DA:74,1
DA:76,1
DA:77,1
DA:79,1
DA:80,1
DA:81,1
DA:82,1
DA:83,1
DA:84,1
DA:85,1
DA:86,1
DA:87,1
DA:92,1
DA:106,1
DA:107,0
DA:121,1
DA:123,1
DA:124,0
DA:125,0
DA:126,0
DA:129,1
DA:130,0
DA:133,1
DA:134,1
DA:135,1
DA:136,1
DA:137,1
DA:141,1
LF:60
LH:55
BRDA:12,1,0,0
BRDA:12,1,1,15
BRDA:12,2,0,15
BRDA:12,2,1,15
BRDA:106,3,0,0
BRDA:106,3,1,1
BRDA:123,4,0,0
BRDA:123,4,1,1
BRDA:129,5,0,0
BRDA:129,5,1,1
BRDA:133,6,0,1
BRDA:133,6,1,0
BRDA:133,7,0,1
BRDA:133,7,1,1
BRF:14
BRH:10
end_of_record
TN:
SF:/Users/lbilde/Documents/work/courseplanner/server/routes.js
FN:12,_interopRequireDefault
FN:22,(anonymous_2)
FN:33,(anonymous_3)
FNF:3
FNH:2
FNDA:2,_interopRequireDefault
FNDA:1,(anonymous_2)
FNDA:0,(anonymous_3)
DA:7,1
DA:12,2
DA:14,1
DA:16,1
DA:18,1
DA:20,1
DA:22,1
DA:24,1
DA:25,1
DA:27,1
DA:30,1
DA:33,1
DA:34,0
DA:38,1
LF:14
LH:13
BRDA:12,1,0,0
BRDA:12,1,1,2
BRDA:12,2,0,2
BRDA:12,2,1,2
BRF:4
BRH:4
end_of_record
TN:
SF:/Users/lbilde/Documents/work/courseplanner/server/components/errors/index.js
FN:7,pageNotFound
FN:15,(anonymous_2)
FNF:2
FNH:0
FNDA:0,pageNotFound
FNDA:0,(anonymous_2)
DA:7,1
DA:8,0
DA:9,0
DA:10,0
DA:14,0
DA:15,0
DA:16,0
DA:17,0
DA:20,0
LF:9
LH:1
BRDA:16,1,0,0
BRDA:16,1,1,0
BRF:2
BRH:0
end_of_record
TN:
SF:/Users/lbilde/Documents/work/courseplanner/server/auth/index.js
FN:8,_interopRequireDefault
FNF:1
FNH:1
FNDA:4,_interopRequireDefault
DA:3,1
DA:8,4
DA:10,1
DA:12,1
DA:14,1
DA:16,1
DA:18,1
DA:20,1
DA:22,1
DA:24,1
DA:27,1
DA:29,1
DA:31,1
DA:33,1
DA:34,1
LF:15
LH:15
BRDA:8,1,0,0
BRDA:8,1,1,4
BRDA:8,2,0,4
BRDA:8,2,1,4
BRF:4
BRH:4
end_of_record
TN:
SF:/Users/lbilde/Documents/work/courseplanner/server/auth/local/passport.js
FN:9,_interopRequireDefault
FN:17,localAuthenticate
FN:20,(anonymous_3)
FN:26,(anonymous_4)
FN:36,(anonymous_5)
FN:41,setup
FN:45,(anonymous_7)
FNF:7
FNH:2
FNDA:1,_interopRequireDefault
FNDA:0,localAuthenticate
FNDA:0,(anonymous_3)
FNDA:0,(anonymous_4)
FNDA:0,(anonymous_5)
FNDA:1,setup
FNDA:0,(anonymous_7)
DA:3,1
DA:6,1
DA:9,1
DA:11,1
DA:13,1
DA:15,1
DA:17,1
DA:18,0
DA:21,0
DA:22,0
DA:26,0
DA:27,0
DA:28,0
DA:30,0
DA:31,0
DA:33,0
DA:37,0
DA:41,1
DA:42,1
DA:46,0
LF:20
LH:9
BRDA:9,1,0,0
BRDA:9,1,1,1
BRDA:9,2,0,1
BRDA:9,2,1,1
BRDA:21,3,0,0
BRDA:21,3,1,0
BRDA:27,4,0,0
BRDA:27,4,1,0
BRDA:30,5,0,0
BRDA:30,5,1,0
BRF:10
BRH:4
end_of_record
TN:
SF:/Users/lbilde/Documents/work/courseplanner/server/auth/local/index.js
FN:8,_interopRequireDefault
FN:22,(anonymous_2)
FN:23,(anonymous_3)
FNF:3
FNH:1
FNDA:2,_interopRequireDefault
FNDA:0,(anonymous_2)
FNDA:0,(anonymous_3)
DA:3,1
DA:8,2
DA:10,1
DA:12,1
DA:14,1
DA:16,1
DA:18,1
DA:20,1
DA:22,1
DA:23,0
DA:24,0
DA:25,0
DA:26,0
DA:28,0
DA:29,0
DA:32,0
DA:33,0
DA:37,1
DA:38,1
LF:19
LH:11
BRDA:8,1,0,0
BRDA:8,1,1,2
BRDA:8,2,0,2
BRDA:8,2,1,2
BRDA:24,3,0,0
BRDA:24,3,1,0
BRDA:25,4,0,0
BRDA:25,4,1,0
BRDA:28,5,0,0
BRDA:28,5,1,0
BRF:10
BRH:4
end_of_record
